{"/Users/bremeva/Documents/projects/nyc-instrument-and-report-bug/build/static/js/2.b41502e9.chunk.js":{"path":"/Users/bremeva/Documents/projects/nyc-instrument-and-report-bug/build/static/js/2.b41502e9.chunk.js","statementMap":{"0":{"start":{"line":1,"column":0},"end":{"line":1,"column":118732}},"1":{"start":{"line":1,"column":86},"end":{"line":1,"column":100}},"2":{"start":{"line":1,"column":137},"end":{"line":1,"column":165}},"3":{"start":{"line":1,"column":168},"end":{"line":1,"column":199}},"4":{"start":{"line":1,"column":202},"end":{"line":1,"column":239}},"5":{"start":{"line":1,"column":240},"end":{"line":1,"column":1046}},"6":{"start":{"line":1,"column":261},"end":{"line":1,"column":693}},"7":{"start":{"line":1,"column":265},"end":{"line":1,"column":292}},"8":{"start":{"line":1,"column":283},"end":{"line":1,"column":292}},"9":{"start":{"line":1,"column":298},"end":{"line":1,"column":315}},"10":{"start":{"line":1,"column":316},"end":{"line":1,"column":377}},"11":{"start":{"line":1,"column":368},"end":{"line":1,"column":377}},"12":{"start":{"line":1,"column":377},"end":{"line":1,"column":435}},"13":{"start":{"line":1,"column":387},"end":{"line":1,"column":389}},"14":{"start":{"line":1,"column":392},"end":{"line":1,"column":393}},"15":{"start":{"line":1,"column":403},"end":{"line":1,"column":435}},"16":{"start":{"line":1,"column":435},"end":{"line":1,"column":531}},"17":{"start":{"line":1,"column":499},"end":{"line":1,"column":510}},"18":{"start":{"line":1,"column":522},"end":{"line":1,"column":531}},"19":{"start":{"line":1,"column":537},"end":{"line":1,"column":539}},"20":{"start":{"line":1,"column":540},"end":{"line":1,"column":674}},"21":{"start":{"line":1,"column":599},"end":{"line":1,"column":605}},"22":{"start":{"line":1,"column":684},"end":{"line":1,"column":692}},"23":{"start":{"line":1,"column":725},"end":{"line":1,"column":1037}},"24":{"start":{"line":1,"column":739},"end":{"line":1,"column":872}},"25":{"start":{"line":1,"column":751},"end":{"line":1,"column":852}},"26":{"start":{"line":1,"column":775},"end":{"line":1,"column":852}},"27":{"start":{"line":1,"column":852},"end":{"line":1,"column":868}},"28":{"start":{"line":1,"column":875},"end":{"line":1,"column":876}},"29":{"start":{"line":1,"column":901},"end":{"line":1,"column":962}},"30":{"start":{"line":1,"column":937},"end":{"line":1,"column":962}},"31":{"start":{"line":1,"column":962},"end":{"line":1,"column":1036}},"32":{"start":{"line":1,"column":968},"end":{"line":1,"column":975}},"33":{"start":{"line":1,"column":975},"end":{"line":1,"column":1035}},"34":{"start":{"line":1,"column":985},"end":{"line":1,"column":986}},"35":{"start":{"line":1,"column":1002},"end":{"line":1,"column":1035}},"36":{"start":{"line":1,"column":1037},"end":{"line":1,"column":1045}},"37":{"start":{"line":1,"column":1077},"end":{"line":1,"column":1298}},"38":{"start":{"line":1,"column":1091},"end":{"line":1,"column":1280}},"39":{"start":{"line":1,"column":1207},"end":{"line":1,"column":1280}},"40":{"start":{"line":1,"column":1211},"end":{"line":1,"column":1253}},"41":{"start":{"line":1,"column":1263},"end":{"line":1,"column":1279}},"42":{"start":{"line":1,"column":1337},"end":{"line":1,"column":1341}},"43":{"start":{"line":1,"column":1344},"end":{"line":1,"column":1382}},"44":{"start":{"line":1,"column":1385},"end":{"line":1,"column":1420}},"45":{"start":{"line":1,"column":1423},"end":{"line":1,"column":1457}},"46":{"start":{"line":1,"column":1460},"end":{"line":1,"column":1496}},"47":{"start":{"line":1,"column":1499},"end":{"line":1,"column":1538}},"48":{"start":{"line":1,"column":1541},"end":{"line":1,"column":1577}},"49":{"start":{"line":1,"column":1580},"end":{"line":1,"column":1616}},"50":{"start":{"line":1,"column":1619},"end":{"line":1,"column":1654}},"51":{"start":{"line":1,"column":1657},"end":{"line":1,"column":1700}},"52":{"start":{"line":1,"column":1703},"end":{"line":1,"column":1742}},"53":{"start":{"line":1,"column":1745},"end":{"line":1,"column":1781}},"54":{"start":{"line":1,"column":1784},"end":{"line":1,"column":1816}},"55":{"start":{"line":1,"column":1819},"end":{"line":1,"column":1851}},"56":{"start":{"line":1,"column":1854},"end":{"line":1,"column":1897}},"57":{"start":{"line":1,"column":1912},"end":{"line":1,"column":2063}},"58":{"start":{"line":1,"column":1922},"end":{"line":1,"column":1940}},"59":{"start":{"line":1,"column":1943},"end":{"line":1,"column":2001}},"60":{"start":{"line":1,"column":2004},"end":{"line":1,"column":2005}},"61":{"start":{"line":1,"column":2014},"end":{"line":1,"column":2063}},"62":{"start":{"line":1,"column":2063},"end":{"line":1,"column":2549}},"63":{"start":{"line":1,"column":2090},"end":{"line":1,"column":2391}},"64":{"start":{"line":1,"column":2097},"end":{"line":1,"column":2367}},"65":{"start":{"line":1,"column":2120},"end":{"line":1,"column":2257}},"66":{"start":{"line":1,"column":2268},"end":{"line":1,"column":2281}},"67":{"start":{"line":1,"column":2284},"end":{"line":1,"column":2285}},"68":{"start":{"line":1,"column":2286},"end":{"line":1,"column":2366}},"69":{"start":{"line":1,"column":2322},"end":{"line":1,"column":2335}},"70":{"start":{"line":1,"column":2367},"end":{"line":1,"column":2390}},"71":{"start":{"line":1,"column":2556},"end":{"line":1,"column":2682}},"72":{"start":{"line":1,"column":2578},"end":{"line":1,"column":2586}},"73":{"start":{"line":1,"column":2685},"end":{"line":1,"column":2687}},"74":{"start":{"line":1,"column":2706},"end":{"line":1,"column":2763}},"75":{"start":{"line":1,"column":2796},"end":{"line":1,"column":2853}},"76":{"start":{"line":1,"column":2854},"end":{"line":1,"column":3148}},"77":{"start":{"line":1,"column":2921},"end":{"line":1,"column":3031}},"78":{"start":{"line":1,"column":3069},"end":{"line":1,"column":3122}},"79":{"start":{"line":1,"column":3154},"end":{"line":1,"column":3171}},"80":{"start":{"line":1,"column":3172},"end":{"line":1,"column":3231}},"81":{"start":{"line":1,"column":3237},"end":{"line":1,"column":3251}},"82":{"start":{"line":1,"column":3254},"end":{"line":1,"column":3268}},"83":{"start":{"line":1,"column":3271},"end":{"line":1,"column":3302}},"84":{"start":{"line":1,"column":3305},"end":{"line":1,"column":3342}},"85":{"start":{"line":1,"column":3367},"end":{"line":1,"column":3373}},"86":{"start":{"line":1,"column":3376},"end":{"line":1,"column":3378}},"87":{"start":{"line":1,"column":3381},"end":{"line":1,"column":3385}},"88":{"start":{"line":1,"column":3388},"end":{"line":1,"column":3392}},"89":{"start":{"line":1,"column":3393},"end":{"line":1,"column":3517}},"90":{"start":{"line":1,"column":3404},"end":{"line":1,"column":3517}},"91":{"start":{"line":1,"column":3470},"end":{"line":1,"column":3517}},"92":{"start":{"line":1,"column":3523},"end":{"line":1,"column":3541}},"93":{"start":{"line":1,"column":3542},"end":{"line":1,"column":3641}},"94":{"start":{"line":1,"column":3551},"end":{"line":1,"column":3564}},"95":{"start":{"line":1,"column":3569},"end":{"line":1,"column":3641}},"96":{"start":{"line":1,"column":3577},"end":{"line":1,"column":3628}},"97":{"start":{"line":1,"column":3587},"end":{"line":1,"column":3595}},"98":{"start":{"line":1,"column":3598},"end":{"line":1,"column":3599}},"99":{"start":{"line":1,"column":3608},"end":{"line":1,"column":3628}},"100":{"start":{"line":1,"column":3628},"end":{"line":1,"column":3640}},"101":{"start":{"line":1,"column":3641},"end":{"line":1,"column":3715}},"102":{"start":{"line":1,"column":3662},"end":{"line":1,"column":3715}},"103":{"start":{"line":1,"column":3688},"end":{"line":1,"column":3715}},"104":{"start":{"line":1,"column":3715},"end":{"line":1,"column":3777}},"105":{"start":{"line":1,"column":3792},"end":{"line":1,"column":3843}},"106":{"start":{"line":1,"column":3850},"end":{"line":1,"column":3856}},"107":{"start":{"line":1,"column":3859},"end":{"line":1,"column":3861}},"108":{"start":{"line":1,"column":3882},"end":{"line":1,"column":3974}},"109":{"start":{"line":1,"column":3901},"end":{"line":1,"column":3908}},"110":{"start":{"line":1,"column":3909},"end":{"line":1,"column":3973}},"111":{"start":{"line":1,"column":3974},"end":{"line":1,"column":4027}},"112":{"start":{"line":1,"column":4042},"end":{"line":1,"column":4132}},"113":{"start":{"line":1,"column":4151},"end":{"line":1,"column":4845}},"114":{"start":{"line":1,"column":4194},"end":{"line":1,"column":4202}},"115":{"start":{"line":1,"column":4203},"end":{"line":1,"column":4244}},"116":{"start":{"line":1,"column":4250},"end":{"line":1,"column":4252}},"117":{"start":{"line":1,"column":4253},"end":{"line":1,"column":4374}},"118":{"start":{"line":1,"column":4265},"end":{"line":1,"column":4270}},"119":{"start":{"line":1,"column":4275},"end":{"line":1,"column":4374}},"120":{"start":{"line":1,"column":4311},"end":{"line":1,"column":4316}},"121":{"start":{"line":1,"column":4316},"end":{"line":1,"column":4322}},"122":{"start":{"line":1,"column":4335},"end":{"line":1,"column":4373}},"123":{"start":{"line":1,"column":4368},"end":{"line":1,"column":4372}},"124":{"start":{"line":1,"column":4374},"end":{"line":1,"column":4415}},"125":{"start":{"line":1,"column":4379},"end":{"line":1,"column":4415}},"126":{"start":{"line":1,"column":4415},"end":{"line":1,"column":4826}},"127":{"start":{"line":1,"column":4458},"end":{"line":1,"column":4520}},"128":{"start":{"line":1,"column":4468},"end":{"line":1,"column":4469}},"129":{"start":{"line":1,"column":4492},"end":{"line":1,"column":4505}},"130":{"start":{"line":1,"column":4506},"end":{"line":1,"column":4519}},"131":{"start":{"line":1,"column":4525},"end":{"line":1,"column":4826}},"132":{"start":{"line":1,"column":4642},"end":{"line":1,"column":4715}},"133":{"start":{"line":1,"column":4682},"end":{"line":1,"column":4715}},"134":{"start":{"line":1,"column":4719},"end":{"line":1,"column":4826}},"135":{"start":{"line":1,"column":4826},"end":{"line":1,"column":4834}},"136":{"start":{"line":1,"column":4862},"end":{"line":1,"column":5030}},"137":{"start":{"line":1,"column":4929},"end":{"line":1,"column":4948}},"138":{"start":{"line":1,"column":4949},"end":{"line":1,"column":5007}},"139":{"start":{"line":1,"column":4994},"end":{"line":1,"column":5005}},"140":{"start":{"line":1,"column":5047},"end":{"line":1,"column":5081}},"141":{"start":{"line":1,"column":5106},"end":{"line":1,"column":5114}},"142":{"start":{"line":1,"column":5117},"end":{"line":1,"column":5128}},"143":{"start":{"line":1,"column":5129},"end":{"line":1,"column":5405}},"144":{"start":{"line":1,"column":5203},"end":{"line":1,"column":5211}},"145":{"start":{"line":1,"column":5247},"end":{"line":1,"column":5323}},"146":{"start":{"line":1,"column":5434},"end":{"line":1,"column":5436}},"147":{"start":{"line":1,"column":5437},"end":{"line":1,"column":5502}},"148":{"start":{"line":1,"column":5522},"end":{"line":1,"column":5531}},"149":{"start":{"line":1,"column":5532},"end":{"line":1,"column":5559}},"150":{"start":{"line":1,"column":5566},"end":{"line":1,"column":7741}},"151":{"start":{"line":1,"column":5597},"end":{"line":1,"column":5617}},"152":{"start":{"line":1,"column":5608},"end":{"line":1,"column":5617}},"153":{"start":{"line":1,"column":5623},"end":{"line":1,"column":5625}},"154":{"start":{"line":1,"column":5626},"end":{"line":1,"column":5650}},"155":{"start":{"line":1,"column":5676},"end":{"line":1,"column":5696}},"156":{"start":{"line":1,"column":5687},"end":{"line":1,"column":5696}},"157":{"start":{"line":1,"column":5696},"end":{"line":1,"column":5726}},"158":{"start":{"line":1,"column":5746},"end":{"line":1,"column":5786}},"159":{"start":{"line":1,"column":5768},"end":{"line":1,"column":5779}},"160":{"start":{"line":1,"column":5814},"end":{"line":1,"column":5816}},"161":{"start":{"line":1,"column":5817},"end":{"line":1,"column":5859}},"162":{"start":{"line":1,"column":5847},"end":{"line":1,"column":5855}},"163":{"start":{"line":1,"column":5878},"end":{"line":1,"column":5901}},"164":{"start":{"line":1,"column":5925},"end":{"line":1,"column":5945}},"165":{"start":{"line":1,"column":6003},"end":{"line":1,"column":6193}},"166":{"start":{"line":1,"column":6218},"end":{"line":1,"column":6245}},"167":{"start":{"line":1,"column":6264},"end":{"line":1,"column":6314}},"168":{"start":{"line":1,"column":6335},"end":{"line":1,"column":6386}},"169":{"start":{"line":1,"column":6414},"end":{"line":1,"column":6441}},"170":{"start":{"line":1,"column":6468},"end":{"line":1,"column":6494}},"171":{"start":{"line":1,"column":6520},"end":{"line":1,"column":6545}},"172":{"start":{"line":1,"column":6583},"end":{"line":1,"column":6620}},"173":{"start":{"line":1,"column":6679},"end":{"line":1,"column":6710}},"174":{"start":{"line":1,"column":6734},"end":{"line":1,"column":6757}},"175":{"start":{"line":1,"column":6786},"end":{"line":1,"column":6814}},"176":{"start":{"line":1,"column":6835},"end":{"line":1,"column":6855}},"177":{"start":{"line":1,"column":6878},"end":{"line":1,"column":6900}},"178":{"start":{"line":1,"column":6982},"end":{"line":1,"column":7017}},"179":{"start":{"line":1,"column":7023},"end":{"line":1,"column":7029}},"180":{"start":{"line":1,"column":7032},"end":{"line":1,"column":7045}},"181":{"start":{"line":1,"column":7048},"end":{"line":1,"column":7053}},"182":{"start":{"line":1,"column":7056},"end":{"line":1,"column":7061}},"183":{"start":{"line":1,"column":7064},"end":{"line":1,"column":7072}},"184":{"start":{"line":1,"column":7073},"end":{"line":1,"column":7307}},"185":{"start":{"line":1,"column":7085},"end":{"line":1,"column":7152}},"186":{"start":{"line":1,"column":7158},"end":{"line":1,"column":7164}},"187":{"start":{"line":1,"column":7165},"end":{"line":1,"column":7306}},"188":{"start":{"line":1,"column":7229},"end":{"line":1,"column":7306}},"189":{"start":{"line":1,"column":7307},"end":{"line":1,"column":7427}},"190":{"start":{"line":1,"column":7337},"end":{"line":1,"column":7350}},"191":{"start":{"line":1,"column":7355},"end":{"line":1,"column":7427}},"192":{"start":{"line":1,"column":7363},"end":{"line":1,"column":7374}},"193":{"start":{"line":1,"column":7374},"end":{"line":1,"column":7414}},"194":{"start":{"line":1,"column":7384},"end":{"line":1,"column":7385}},"195":{"start":{"line":1,"column":7394},"end":{"line":1,"column":7414}},"196":{"start":{"line":1,"column":7414},"end":{"line":1,"column":7426}},"197":{"start":{"line":1,"column":7427},"end":{"line":1,"column":7486}},"198":{"start":{"line":1,"column":7520},"end":{"line":1,"column":7534}},"199":{"start":{"line":1,"column":7535},"end":{"line":1,"column":7552}},"200":{"start":{"line":1,"column":7744},"end":{"line":1,"column":7755}},"201":{"start":{"line":1,"column":7758},"end":{"line":1,"column":7765}},"202":{"start":{"line":1,"column":7766},"end":{"line":1,"column":7788}},"203":{"start":{"line":1,"column":7825},"end":{"line":1,"column":7829}},"204":{"start":{"line":1,"column":7832},"end":{"line":1,"column":7836}},"205":{"start":{"line":1,"column":7839},"end":{"line":1,"column":7843}},"206":{"start":{"line":1,"column":7858},"end":{"line":1,"column":8009}},"207":{"start":{"line":1,"column":7868},"end":{"line":1,"column":7886}},"208":{"start":{"line":1,"column":7889},"end":{"line":1,"column":7947}},"209":{"start":{"line":1,"column":7950},"end":{"line":1,"column":7951}},"210":{"start":{"line":1,"column":7960},"end":{"line":1,"column":8009}},"211":{"start":{"line":1,"column":8009},"end":{"line":1,"column":8495}},"212":{"start":{"line":1,"column":8036},"end":{"line":1,"column":8337}},"213":{"start":{"line":1,"column":8043},"end":{"line":1,"column":8313}},"214":{"start":{"line":1,"column":8066},"end":{"line":1,"column":8203}},"215":{"start":{"line":1,"column":8214},"end":{"line":1,"column":8227}},"216":{"start":{"line":1,"column":8230},"end":{"line":1,"column":8231}},"217":{"start":{"line":1,"column":8232},"end":{"line":1,"column":8312}},"218":{"start":{"line":1,"column":8268},"end":{"line":1,"column":8281}},"219":{"start":{"line":1,"column":8313},"end":{"line":1,"column":8336}},"220":{"start":{"line":1,"column":8496},"end":{"line":1,"column":8508}},"221":{"start":{"line":1,"column":8514},"end":{"line":1,"column":8516}},"222":{"start":{"line":1,"column":8519},"end":{"line":1,"column":8523}},"223":{"start":{"line":1,"column":8526},"end":{"line":1,"column":8528}},"224":{"start":{"line":1,"column":8531},"end":{"line":1,"column":8535}},"225":{"start":{"line":1,"column":8538},"end":{"line":1,"column":8569}},"226":{"start":{"line":1,"column":8559},"end":{"line":1,"column":8567}},"227":{"start":{"line":1,"column":8600},"end":{"line":1,"column":8748}},"228":{"start":{"line":1,"column":8646},"end":{"line":1,"column":8685}},"229":{"start":{"line":1,"column":8686},"end":{"line":1,"column":8728}},"230":{"start":{"line":1,"column":8690},"end":{"line":1,"column":8702}},"231":{"start":{"line":1,"column":8712},"end":{"line":1,"column":8727}},"232":{"start":{"line":1,"column":8755},"end":{"line":1,"column":8759}},"233":{"start":{"line":1,"column":8762},"end":{"line":1,"column":8764}},"234":{"start":{"line":1,"column":8778},"end":{"line":1,"column":9144}},"235":{"start":{"line":1,"column":8783},"end":{"line":1,"column":9144}},"236":{"start":{"line":1,"column":8805},"end":{"line":1,"column":8809}},"237":{"start":{"line":1,"column":8812},"end":{"line":1,"column":8824}},"238":{"start":{"line":1,"column":8825},"end":{"line":1,"column":9143}},"239":{"start":{"line":1,"column":8850},"end":{"line":1,"column":9143}},"240":{"start":{"line":1,"column":8919},"end":{"line":1,"column":8925}},"241":{"start":{"line":1,"column":8928},"end":{"line":1,"column":8932}},"242":{"start":{"line":1,"column":8935},"end":{"line":1,"column":8936}},"243":{"start":{"line":1,"column":8939},"end":{"line":1,"column":8940}},"244":{"start":{"line":1,"column":8941},"end":{"line":1,"column":8979}},"245":{"start":{"line":1,"column":8985},"end":{"line":1,"column":9010}},"246":{"start":{"line":1,"column":9011},"end":{"line":1,"column":9128}},"247":{"start":{"line":1,"column":9017},"end":{"line":1,"column":9061}},"248":{"start":{"line":1,"column":9028},"end":{"line":1,"column":9061}},"249":{"start":{"line":1,"column":9061},"end":{"line":1,"column":9065}},"250":{"start":{"line":1,"column":9071},"end":{"line":1,"column":9128}},"251":{"start":{"line":1,"column":9128},"end":{"line":1,"column":9142}},"252":{"start":{"line":1,"column":9163},"end":{"line":1,"column":9220}},"253":{"start":{"line":1,"column":9227},"end":{"line":1,"column":9229}},"254":{"start":{"line":1,"column":9232},"end":{"line":1,"column":9234}},"255":{"start":{"line":1,"column":9237},"end":{"line":1,"column":9239}},"256":{"start":{"line":1,"column":9242},"end":{"line":1,"column":9244}},"257":{"start":{"line":1,"column":9247},"end":{"line":1,"column":9251}},"258":{"start":{"line":1,"column":9254},"end":{"line":1,"column":9258}},"259":{"start":{"line":1,"column":9261},"end":{"line":1,"column":9265}},"260":{"start":{"line":1,"column":9290},"end":{"line":1,"column":9313}},"261":{"start":{"line":1,"column":9314},"end":{"line":1,"column":9492}},"262":{"start":{"line":1,"column":9363},"end":{"line":1,"column":9456}},"263":{"start":{"line":1,"column":9393},"end":{"line":1,"column":9442}},"264":{"start":{"line":1,"column":9405},"end":{"line":1,"column":9406}},"265":{"start":{"line":1,"column":9407},"end":{"line":1,"column":9418}},"266":{"start":{"line":1,"column":9424},"end":{"line":1,"column":9442}},"267":{"start":{"line":1,"column":9442},"end":{"line":1,"column":9455}},"268":{"start":{"line":1,"column":9509},"end":{"line":1,"column":9649}},"269":{"start":{"line":1,"column":9668},"end":{"line":1,"column":9714}},"270":{"start":{"line":1,"column":9721},"end":{"line":1,"column":9725}},"271":{"start":{"line":1,"column":9740},"end":{"line":1,"column":9997}},"272":{"start":{"line":1,"column":9752},"end":{"line":1,"column":9772}},"273":{"start":{"line":1,"column":9775},"end":{"line":1,"column":9795}},"274":{"start":{"line":1,"column":9796},"end":{"line":1,"column":9902}},"275":{"start":{"line":1,"column":9816},"end":{"line":1,"column":9885}},"276":{"start":{"line":1,"column":9826},"end":{"line":1,"column":9827}},"277":{"start":{"line":1,"column":9870},"end":{"line":1,"column":9885}},"278":{"start":{"line":1,"column":9890},"end":{"line":1,"column":9902}},"279":{"start":{"line":1,"column":9902},"end":{"line":1,"column":9996}},"280":{"start":{"line":1,"column":10004},"end":{"line":1,"column":10253}},"281":{"start":{"line":1,"column":10040},"end":{"line":1,"column":10087}},"282":{"start":{"line":1,"column":10134},"end":{"line":1,"column":10136}},"283":{"start":{"line":1,"column":10137},"end":{"line":1,"column":10245}},"284":{"start":{"line":1,"column":10148},"end":{"line":1,"column":10245}},"285":{"start":{"line":1,"column":10178},"end":{"line":1,"column":10182}},"286":{"start":{"line":1,"column":10183},"end":{"line":1,"column":10244}},"287":{"start":{"line":1,"column":10245},"end":{"line":1,"column":10251}},"288":{"start":{"line":1,"column":10276},"end":{"line":1,"column":10287}},"289":{"start":{"line":1,"column":10288},"end":{"line":1,"column":10306}},"290":{"start":{"line":1,"column":10294},"end":{"line":1,"column":10306}},"291":{"start":{"line":1,"column":10312},"end":{"line":1,"column":10316}},"292":{"start":{"line":1,"column":10317},"end":{"line":1,"column":10335}},"293":{"start":{"line":1,"column":10323},"end":{"line":1,"column":10335}},"294":{"start":{"line":1,"column":10335},"end":{"line":1,"column":10342}},"295":{"start":{"line":1,"column":10342},"end":{"line":1,"column":10676}},"296":{"start":{"line":1,"column":10344},"end":{"line":1,"column":10676}},"297":{"start":{"line":1,"column":10561},"end":{"line":1,"column":10655}},"298":{"start":{"line":1,"column":10655},"end":{"line":1,"column":10663}},"299":{"start":{"line":1,"column":10671},"end":{"line":1,"column":10675}},"300":{"start":{"line":1,"column":10676},"end":{"line":1,"column":10739}},"301":{"start":{"line":1,"column":10754},"end":{"line":1,"column":10837}},"302":{"start":{"line":1,"column":10814},"end":{"line":1,"column":10837}},"303":{"start":{"line":1,"column":10844},"end":{"line":1,"column":10879}},"304":{"start":{"line":1,"column":10882},"end":{"line":1,"column":10910}},"305":{"start":{"line":1,"column":10913},"end":{"line":1,"column":10938}},"306":{"start":{"line":1,"column":10953},"end":{"line":1,"column":10973}},"307":{"start":{"line":1,"column":10961},"end":{"line":1,"column":10973}},"308":{"start":{"line":1,"column":10973},"end":{"line":1,"column":11030}},"309":{"start":{"line":1,"column":10986},"end":{"line":1,"column":11015}},"310":{"start":{"line":1,"column":11003},"end":{"line":1,"column":11015}},"311":{"start":{"line":1,"column":11015},"end":{"line":1,"column":11029}},"312":{"start":{"line":1,"column":11030},"end":{"line":1,"column":11071}},"313":{"start":{"line":1,"column":11086},"end":{"line":1,"column":11130}},"314":{"start":{"line":1,"column":11145},"end":{"line":1,"column":11188}},"315":{"start":{"line":1,"column":11169},"end":{"line":1,"column":11188}},"316":{"start":{"line":1,"column":11188},"end":{"line":1,"column":11195}},"317":{"start":{"line":1,"column":11210},"end":{"line":1,"column":11227}},"318":{"start":{"line":1,"column":11242},"end":{"line":1,"column":11276}},"319":{"start":{"line":1,"column":11245},"end":{"line":1,"column":11255}},"320":{"start":{"line":1,"column":11276},"end":{"line":1,"column":11290}},"321":{"start":{"line":1,"column":11309},"end":{"line":1,"column":11458}},"322":{"start":{"line":1,"column":11473},"end":{"line":1,"column":11656}},"323":{"start":{"line":1,"column":11521},"end":{"line":1,"column":11570}},"324":{"start":{"line":1,"column":11531},"end":{"line":1,"column":11544}},"325":{"start":{"line":1,"column":11547},"end":{"line":1,"column":11549}},"326":{"start":{"line":1,"column":11553},"end":{"line":1,"column":11570}},"327":{"start":{"line":1,"column":11570},"end":{"line":1,"column":11613}},"328":{"start":{"line":1,"column":11592},"end":{"line":1,"column":11613}},"329":{"start":{"line":1,"column":11613},"end":{"line":1,"column":11655}},"330":{"start":{"line":1,"column":11636},"end":{"line":1,"column":11655}},"331":{"start":{"line":1,"column":11675},"end":{"line":1,"column":11855}},"332":{"start":{"line":1,"column":11870},"end":{"line":1,"column":11931}},"333":{"start":{"line":1,"column":11946},"end":{"line":1,"column":11952}},"334":{"start":{"line":1,"column":11959},"end":{"line":1,"column":12039}},"335":{"start":{"line":1,"column":12062},"end":{"line":1,"column":12064}},"336":{"start":{"line":1,"column":12065},"end":{"line":1,"column":12152}},"337":{"start":{"line":1,"column":12159},"end":{"line":1,"column":12351}},"338":{"start":{"line":1,"column":12354},"end":{"line":1,"column":12356}},"339":{"start":{"line":1,"column":12359},"end":{"line":1,"column":12361}},"340":{"start":{"line":1,"column":12376},"end":{"line":1,"column":12396}},"341":{"start":{"line":1,"column":12384},"end":{"line":1,"column":12396}},"342":{"start":{"line":1,"column":12396},"end":{"line":1,"column":12414}},"343":{"start":{"line":1,"column":12405},"end":{"line":1,"column":12414}},"344":{"start":{"line":1,"column":12422},"end":{"line":1,"column":12426}},"345":{"start":{"line":1,"column":12427},"end":{"line":1,"column":12486}},"346":{"start":{"line":1,"column":12438},"end":{"line":1,"column":12486}},"347":{"start":{"line":1,"column":12469},"end":{"line":1,"column":12486}},"348":{"start":{"line":1,"column":12486},"end":{"line":1,"column":12494}},"349":{"start":{"line":1,"column":12495},"end":{"line":1,"column":12733}},"350":{"start":{"line":1,"column":12739},"end":{"line":1,"column":12756}},"351":{"start":{"line":1,"column":12759},"end":{"line":1,"column":12782}},"352":{"start":{"line":1,"column":12785},"end":{"line":1,"column":12804}},"353":{"start":{"line":1,"column":12808},"end":{"line":1,"column":12826}},"354":{"start":{"line":1,"column":12830},"end":{"line":1,"column":13054}},"355":{"start":{"line":1,"column":13058},"end":{"line":1,"column":13062}},"356":{"start":{"line":1,"column":13066},"end":{"line":1,"column":13070}},"357":{"start":{"line":1,"column":13074},"end":{"line":1,"column":13078}},"358":{"start":{"line":1,"column":13093},"end":{"line":1,"column":13109}},"359":{"start":{"line":1,"column":13099},"end":{"line":1,"column":13109}},"360":{"start":{"line":1,"column":13119},"end":{"line":1,"column":13121}},"361":{"start":{"line":1,"column":13124},"end":{"line":1,"column":13132}},"362":{"start":{"line":1,"column":13135},"end":{"line":1,"column":13171}},"363":{"start":{"line":1,"column":13174},"end":{"line":1,"column":13182}},"364":{"start":{"line":1,"column":13183},"end":{"line":1,"column":13213}},"365":{"start":{"line":1,"column":13219},"end":{"line":1,"column":13222}},"366":{"start":{"line":1,"column":13223},"end":{"line":1,"column":13258}},"367":{"start":{"line":1,"column":13258},"end":{"line":1,"column":13293}},"368":{"start":{"line":1,"column":13308},"end":{"line":1,"column":13316}},"369":{"start":{"line":1,"column":13331},"end":{"line":1,"column":13339}},"370":{"start":{"line":1,"column":13361},"end":{"line":1,"column":13548}},"371":{"start":{"line":1,"column":13463},"end":{"line":1,"column":13548}},"372":{"start":{"line":1,"column":13548},"end":{"line":1,"column":13683}},"373":{"start":{"line":1,"column":13705},"end":{"line":1,"column":13788}},"374":{"start":{"line":1,"column":13737},"end":{"line":1,"column":13757}},"375":{"start":{"line":1,"column":13758},"end":{"line":1,"column":13787}},"376":{"start":{"line":1,"column":13788},"end":{"line":1,"column":13812}},"377":{"start":{"line":1,"column":13828},"end":{"line":1,"column":13919}},"378":{"start":{"line":1,"column":13935},"end":{"line":1,"column":13977}},"379":{"start":{"line":1,"column":13978},"end":{"line":1,"column":15142}},"380":{"start":{"line":1,"column":14020},"end":{"line":1,"column":14045}},"381":{"start":{"line":1,"column":14051},"end":{"line":1,"column":14067}},"382":{"start":{"line":1,"column":14068},"end":{"line":1,"column":14188}},"383":{"start":{"line":1,"column":14223},"end":{"line":1,"column":14239}},"384":{"start":{"line":1,"column":14240},"end":{"line":1,"column":14366}},"385":{"start":{"line":1,"column":14387},"end":{"line":1,"column":14407}},"386":{"start":{"line":1,"column":14455},"end":{"line":1,"column":14481}},"387":{"start":{"line":1,"column":14482},"end":{"line":1,"column":14506}},"388":{"start":{"line":1,"column":14493},"end":{"line":1,"column":14506}},"389":{"start":{"line":1,"column":14506},"end":{"line":1,"column":14670}},"390":{"start":{"line":1,"column":14735},"end":{"line":1,"column":14746}},"391":{"start":{"line":1,"column":14815},"end":{"line":1,"column":14845}},"392":{"start":{"line":1,"column":14934},"end":{"line":1,"column":14964}},"393":{"start":{"line":1,"column":14971},"end":{"line":1,"column":14975}},"394":{"start":{"line":1,"column":14976},"end":{"line":1,"column":15000}},"395":{"start":{"line":1,"column":15006},"end":{"line":1,"column":15011}},"396":{"start":{"line":1,"column":15012},"end":{"line":1,"column":15133}},"397":{"start":{"line":1,"column":15149},"end":{"line":1,"column":15171}},"398":{"start":{"line":1,"column":15175},"end":{"line":1,"column":15197}},"399":{"start":{"line":1,"column":15201},"end":{"line":1,"column":15213}},"400":{"start":{"line":1,"column":15217},"end":{"line":1,"column":15247}},"401":{"start":{"line":1,"column":15251},"end":{"line":1,"column":15255}},"402":{"start":{"line":1,"column":15256},"end":{"line":1,"column":15313}},"403":{"start":{"line":1,"column":15320},"end":{"line":1,"column":15348}},"404":{"start":{"line":1,"column":15352},"end":{"line":1,"column":15378}},"405":{"start":{"line":1,"column":15382},"end":{"line":1,"column":15405}},"406":{"start":{"line":1,"column":15409},"end":{"line":1,"column":16141}},"407":{"start":{"line":1,"column":16145},"end":{"line":1,"column":16147}},"408":{"start":{"line":1,"column":16165},"end":{"line":1,"column":16325}},"409":{"start":{"line":1,"column":16187},"end":{"line":1,"column":16220}},"410":{"start":{"line":1,"column":16234},"end":{"line":1,"column":16257}},"411":{"start":{"line":1,"column":16299},"end":{"line":1,"column":16308}},"412":{"start":{"line":1,"column":16316},"end":{"line":1,"column":16324}},"413":{"start":{"line":1,"column":16341},"end":{"line":1,"column":16400}},"414":{"start":{"line":1,"column":16408},"end":{"line":1,"column":16410}},"415":{"start":{"line":1,"column":16418},"end":{"line":1,"column":17669}},"416":{"start":{"line":1,"column":16471},"end":{"line":1,"column":16477}},"417":{"start":{"line":1,"column":16480},"end":{"line":1,"column":16486}},"418":{"start":{"line":1,"column":16487},"end":{"line":1,"column":16767}},"419":{"start":{"line":1,"column":16493},"end":{"line":1,"column":16672}},"420":{"start":{"line":1,"column":16496},"end":{"line":1,"column":16663}},"421":{"start":{"line":1,"column":16529},"end":{"line":1,"column":16551}},"422":{"start":{"line":1,"column":16551},"end":{"line":1,"column":16559}},"423":{"start":{"line":1,"column":16580},"end":{"line":1,"column":16600}},"424":{"start":{"line":1,"column":16600},"end":{"line":1,"column":16608}},"425":{"start":{"line":1,"column":16632},"end":{"line":1,"column":16655}},"426":{"start":{"line":1,"column":16655},"end":{"line":1,"column":16662}},"427":{"start":{"line":1,"column":16663},"end":{"line":1,"column":16671}},"428":{"start":{"line":1,"column":16677},"end":{"line":1,"column":16767}},"429":{"start":{"line":1,"column":16767},"end":{"line":1,"column":17667}},"430":{"start":{"line":1,"column":17016},"end":{"line":1,"column":17180}},"431":{"start":{"line":1,"column":17047},"end":{"line":1,"column":17060}},"432":{"start":{"line":1,"column":17075},"end":{"line":1,"column":17111}},"433":{"start":{"line":1,"column":17127},"end":{"line":1,"column":17160}},"434":{"start":{"line":1,"column":17168},"end":{"line":1,"column":17179}},"435":{"start":{"line":1,"column":17201},"end":{"line":1,"column":17284}},"436":{"start":{"line":1,"column":17207},"end":{"line":1,"column":17284}},"437":{"start":{"line":1,"column":17284},"end":{"line":1,"column":17572}},"438":{"start":{"line":1,"column":17306},"end":{"line":1,"column":17318}},"439":{"start":{"line":1,"column":17333},"end":{"line":1,"column":17480}},"440":{"start":{"line":1,"column":17392},"end":{"line":1,"column":17433}},"441":{"start":{"line":1,"column":17419},"end":{"line":1,"column":17433}},"442":{"start":{"line":1,"column":17433},"end":{"line":1,"column":17479}},"443":{"start":{"line":1,"column":17444},"end":{"line":1,"column":17479}},"444":{"start":{"line":1,"column":17480},"end":{"line":1,"column":17492}},"445":{"start":{"line":1,"column":17513},"end":{"line":1,"column":17552}},"446":{"start":{"line":1,"column":17560},"end":{"line":1,"column":17571}},"447":{"start":{"line":1,"column":17673},"end":{"line":1,"column":17677}},"448":{"start":{"line":1,"column":17681},"end":{"line":1,"column":17685}},"449":{"start":{"line":1,"column":17689},"end":{"line":1,"column":17693}},"450":{"start":{"line":1,"column":17709},"end":{"line":1,"column":17799}},"451":{"start":{"line":1,"column":17720},"end":{"line":1,"column":17753}},"452":{"start":{"line":1,"column":17759},"end":{"line":1,"column":17773}},"453":{"start":{"line":1,"column":17774},"end":{"line":1,"column":17798}},"454":{"start":{"line":1,"column":17815},"end":{"line":1,"column":17843}},"455":{"start":{"line":1,"column":17858},"end":{"line":1,"column":17933}},"456":{"start":{"line":1,"column":17871},"end":{"line":1,"column":17873}},"457":{"start":{"line":1,"column":17876},"end":{"line":1,"column":17878}},"458":{"start":{"line":1,"column":17879},"end":{"line":1,"column":17932}},"459":{"start":{"line":1,"column":17901},"end":{"line":1,"column":17932}},"460":{"start":{"line":1,"column":17924},"end":{"line":1,"column":17932}},"461":{"start":{"line":1,"column":17951},"end":{"line":1,"column":17962}},"462":{"start":{"line":1,"column":17982},"end":{"line":1,"column":17995}},"463":{"start":{"line":1,"column":18018},"end":{"line":1,"column":18020}},"464":{"start":{"line":1,"column":18038},"end":{"line":1,"column":18056}},"465":{"start":{"line":1,"column":18044},"end":{"line":1,"column":18056}},"466":{"start":{"line":1,"column":18056},"end":{"line":1,"column":18062}},"467":{"start":{"line":1,"column":18062},"end":{"line":1,"column":18131}},"468":{"start":{"line":1,"column":18066},"end":{"line":1,"column":18080}},"469":{"start":{"line":1,"column":18089},"end":{"line":1,"column":18130}},"470":{"start":{"line":1,"column":18139},"end":{"line":1,"column":18286}},"471":{"start":{"line":1,"column":18308},"end":{"line":1,"column":18347}},"472":{"start":{"line":1,"column":18348},"end":{"line":1,"column":18393}},"473":{"start":{"line":1,"column":18409},"end":{"line":1,"column":18534}},"474":{"start":{"line":1,"column":18550},"end":{"line":1,"column":18565}},"475":{"start":{"line":1,"column":18556},"end":{"line":1,"column":18565}},"476":{"start":{"line":1,"column":18571},"end":{"line":1,"column":18592}},"477":{"start":{"line":1,"column":18593},"end":{"line":1,"column":18693}},"478":{"start":{"line":1,"column":18715},"end":{"line":1,"column":18721}},"479":{"start":{"line":1,"column":18722},"end":{"line":1,"column":18800}},"480":{"start":{"line":1,"column":18816},"end":{"line":1,"column":19390}},"481":{"start":{"line":1,"column":18868},"end":{"line":1,"column":18891}},"482":{"start":{"line":1,"column":18894},"end":{"line":1,"column":18952}},"483":{"start":{"line":1,"column":18955},"end":{"line":1,"column":18962}},"484":{"start":{"line":1,"column":18963},"end":{"line":1,"column":19385}},"485":{"start":{"line":1,"column":19072},"end":{"line":1,"column":19077}},"486":{"start":{"line":1,"column":19080},"end":{"line":1,"column":19085}},"487":{"start":{"line":1,"column":19086},"end":{"line":1,"column":19384}},"488":{"start":{"line":1,"column":19151},"end":{"line":1,"column":19170}},"489":{"start":{"line":1,"column":19188},"end":{"line":1,"column":19209}},"490":{"start":{"line":1,"column":19287},"end":{"line":1,"column":19295}},"491":{"start":{"line":1,"column":19318},"end":{"line":1,"column":19324}},"492":{"start":{"line":1,"column":19350},"end":{"line":1,"column":19382}},"493":{"start":{"line":1,"column":19406},"end":{"line":1,"column":19421}},"494":{"start":{"line":1,"column":19412},"end":{"line":1,"column":19421}},"495":{"start":{"line":1,"column":19427},"end":{"line":1,"column":19442}},"496":{"start":{"line":1,"column":19443},"end":{"line":1,"column":19458}},"497":{"start":{"line":1,"column":19449},"end":{"line":1,"column":19458}},"498":{"start":{"line":1,"column":19464},"end":{"line":1,"column":19476}},"499":{"start":{"line":1,"column":19479},"end":{"line":1,"column":19481}},"500":{"start":{"line":1,"column":19482},"end":{"line":1,"column":19564}},"501":{"start":{"line":1,"column":19572},"end":{"line":1,"column":19624}},"502":{"start":{"line":1,"column":19625},"end":{"line":1,"column":19713}},"503":{"start":{"line":1,"column":19720},"end":{"line":1,"column":19733}},"504":{"start":{"line":1,"column":19737},"end":{"line":1,"column":19775}},"505":{"start":{"line":1,"column":19779},"end":{"line":1,"column":19815}},"506":{"start":{"line":1,"column":19819},"end":{"line":1,"column":19854}},"507":{"start":{"line":1,"column":19858},"end":{"line":1,"column":19895}},"508":{"start":{"line":1,"column":19899},"end":{"line":1,"column":19939}},"509":{"start":{"line":1,"column":19943},"end":{"line":1,"column":19980}},"510":{"start":{"line":1,"column":19984},"end":{"line":1,"column":20021}},"511":{"start":{"line":1,"column":20025},"end":{"line":1,"column":20061}},"512":{"start":{"line":1,"column":20065},"end":{"line":1,"column":20109}},"513":{"start":{"line":1,"column":20113},"end":{"line":1,"column":20153}},"514":{"start":{"line":1,"column":20157},"end":{"line":1,"column":20194}},"515":{"start":{"line":1,"column":20198},"end":{"line":1,"column":20231}},"516":{"start":{"line":1,"column":20235},"end":{"line":1,"column":20268}},"517":{"start":{"line":1,"column":20272},"end":{"line":1,"column":20315}},"518":{"start":{"line":1,"column":20331},"end":{"line":1,"column":20429}},"519":{"start":{"line":1,"column":20445},"end":{"line":1,"column":20468}},"520":{"start":{"line":1,"column":20456},"end":{"line":1,"column":20468}},"521":{"start":{"line":1,"column":20468},"end":{"line":1,"column":20528}},"522":{"start":{"line":1,"column":20493},"end":{"line":1,"column":20528}},"523":{"start":{"line":1,"column":20528},"end":{"line":1,"column":20560}},"524":{"start":{"line":1,"column":20551},"end":{"line":1,"column":20560}},"525":{"start":{"line":1,"column":20560},"end":{"line":1,"column":20726}},"526":{"start":{"line":1,"column":20578},"end":{"line":1,"column":20601}},"527":{"start":{"line":1,"column":20609},"end":{"line":1,"column":20626}},"528":{"start":{"line":1,"column":20634},"end":{"line":1,"column":20649}},"529":{"start":{"line":1,"column":20657},"end":{"line":1,"column":20674}},"530":{"start":{"line":1,"column":20682},"end":{"line":1,"column":20701}},"531":{"start":{"line":1,"column":20709},"end":{"line":1,"column":20725}},"532":{"start":{"line":1,"column":20726},"end":{"line":1,"column":21030}},"533":{"start":{"line":1,"column":20749},"end":{"line":1,"column":21030}},"534":{"start":{"line":1,"column":20776},"end":{"line":1,"column":20801}},"535":{"start":{"line":1,"column":20809},"end":{"line":1,"column":20834}},"536":{"start":{"line":1,"column":20848},"end":{"line":1,"column":20856}},"537":{"start":{"line":1,"column":20857},"end":{"line":1,"column":20949}},"538":{"start":{"line":1,"column":20957},"end":{"line":1,"column":20975}},"539":{"start":{"line":1,"column":20983},"end":{"line":1,"column":21029}},"540":{"start":{"line":1,"column":21017},"end":{"line":1,"column":21029}},"541":{"start":{"line":1,"column":21030},"end":{"line":1,"column":21041}},"542":{"start":{"line":1,"column":21063},"end":{"line":1,"column":21065}},"543":{"start":{"line":1,"column":21066},"end":{"line":1,"column":21381}},"544":{"start":{"line":1,"column":21069},"end":{"line":1,"column":21356}},"545":{"start":{"line":1,"column":21071},"end":{"line":1,"column":21356}},"546":{"start":{"line":1,"column":21134},"end":{"line":1,"column":21136}},"547":{"start":{"line":1,"column":21137},"end":{"line":1,"column":21145}},"548":{"start":{"line":1,"column":21159},"end":{"line":1,"column":21172}},"549":{"start":{"line":1,"column":21175},"end":{"line":1,"column":21189}},"550":{"start":{"line":1,"column":21192},"end":{"line":1,"column":21202}},"551":{"start":{"line":1,"column":21203},"end":{"line":1,"column":21355}},"552":{"start":{"line":1,"column":21356},"end":{"line":1,"column":21371}},"553":{"start":{"line":1,"column":21381},"end":{"line":1,"column":21389}},"554":{"start":{"line":1,"column":21397},"end":{"line":1,"column":21746}},"555":{"start":{"line":1,"column":21750},"end":{"line":1,"column":21781}},"556":{"start":{"line":1,"column":21785},"end":{"line":1,"column":21787}},"557":{"start":{"line":1,"column":21791},"end":{"line":1,"column":21793}},"558":{"start":{"line":1,"column":21817},"end":{"line":1,"column":21959}},"559":{"start":{"line":1,"column":21967},"end":{"line":1,"column":21969}},"560":{"start":{"line":1,"column":21970},"end":{"line":1,"column":23169}},"561":{"start":{"line":1,"column":22136},"end":{"line":1,"column":22163}},"562":{"start":{"line":1,"column":22296},"end":{"line":1,"column":22300}},"563":{"start":{"line":1,"column":22301},"end":{"line":1,"column":22331}},"564":{"start":{"line":1,"column":22407},"end":{"line":1,"column":22448}},"565":{"start":{"line":1,"column":22543},"end":{"line":1,"column":22570}},"566":{"start":{"line":1,"column":22796},"end":{"line":1,"column":22837}},"567":{"start":{"line":1,"column":22902},"end":{"line":1,"column":22929}},"568":{"start":{"line":1,"column":22975},"end":{"line":1,"column":23002}},"569":{"start":{"line":1,"column":23055},"end":{"line":1,"column":23082}},"570":{"start":{"line":1,"column":23125},"end":{"line":1,"column":23166}},"571":{"start":{"line":1,"column":23176},"end":{"line":1,"column":23191}},"572":{"start":{"line":1,"column":23207},"end":{"line":1,"column":23232}},"573":{"start":{"line":1,"column":23260},"end":{"line":1,"column":23291}},"574":{"start":{"line":1,"column":23292},"end":{"line":1,"column":24229}},"575":{"start":{"line":1,"column":23403},"end":{"line":1,"column":23690}},"576":{"start":{"line":1,"column":23458},"end":{"line":1,"column":23491}},"577":{"start":{"line":1,"column":23482},"end":{"line":1,"column":23491}},"578":{"start":{"line":1,"column":23491},"end":{"line":1,"column":23670}},"579":{"start":{"line":1,"column":23536},"end":{"line":1,"column":23545}},"580":{"start":{"line":1,"column":23559},"end":{"line":1,"column":23653}},"581":{"start":{"line":1,"column":23661},"end":{"line":1,"column":23669}},"582":{"start":{"line":1,"column":23681},"end":{"line":1,"column":23690}},"583":{"start":{"line":1,"column":23690},"end":{"line":1,"column":23704}},"584":{"start":{"line":1,"column":23695},"end":{"line":1,"column":23704}},"585":{"start":{"line":1,"column":23704},"end":{"line":1,"column":23818}},"586":{"start":{"line":1,"column":23716},"end":{"line":1,"column":23818}},"587":{"start":{"line":1,"column":23738},"end":{"line":1,"column":23747}},"588":{"start":{"line":1,"column":23754},"end":{"line":1,"column":23767}},"589":{"start":{"line":1,"column":23774},"end":{"line":1,"column":23790}},"590":{"start":{"line":1,"column":23797},"end":{"line":1,"column":23817}},"591":{"start":{"line":1,"column":23818},"end":{"line":1,"column":23826}},"592":{"start":{"line":1,"column":23871},"end":{"line":1,"column":23945}},"593":{"start":{"line":1,"column":24245},"end":{"line":1,"column":24357}},"594":{"start":{"line":1,"column":24331},"end":{"line":1,"column":24340}},"595":{"start":{"line":1,"column":24348},"end":{"line":1,"column":24356}},"596":{"start":{"line":1,"column":24381},"end":{"line":1,"column":24390}},"597":{"start":{"line":1,"column":24391},"end":{"line":1,"column":24511}},"598":{"start":{"line":1,"column":24535},"end":{"line":1,"column":24573}},"599":{"start":{"line":1,"column":24576},"end":{"line":1,"column":24618}},"600":{"start":{"line":1,"column":24619},"end":{"line":1,"column":24777}},"601":{"start":{"line":1,"column":24795},"end":{"line":1,"column":24836}},"602":{"start":{"line":1,"column":24854},"end":{"line":1,"column":24862}},"603":{"start":{"line":1,"column":24868},"end":{"line":1,"column":24879}},"604":{"start":{"line":1,"column":24882},"end":{"line":1,"column":24888}},"605":{"start":{"line":1,"column":24889},"end":{"line":1,"column":25067}},"606":{"start":{"line":1,"column":24900},"end":{"line":1,"column":24994}},"607":{"start":{"line":1,"column":24999},"end":{"line":1,"column":25067}},"608":{"start":{"line":1,"column":25028},"end":{"line":1,"column":25067}},"609":{"start":{"line":1,"column":25067},"end":{"line":1,"column":25252}},"610":{"start":{"line":1,"column":25272},"end":{"line":1,"column":25501}},"611":{"start":{"line":1,"column":25342},"end":{"line":1,"column":25348}},"612":{"start":{"line":1,"column":25349},"end":{"line":1,"column":25422}},"613":{"start":{"line":1,"column":25415},"end":{"line":1,"column":25422}},"614":{"start":{"line":1,"column":25422},"end":{"line":1,"column":25500}},"615":{"start":{"line":1,"column":25501},"end":{"line":1,"column":25633}},"616":{"start":{"line":1,"column":25653},"end":{"line":1,"column":25803}},"617":{"start":{"line":1,"column":25804},"end":{"line":1,"column":27400}},"618":{"start":{"line":1,"column":26923},"end":{"line":1,"column":26939}},"619":{"start":{"line":1,"column":26940},"end":{"line":1,"column":26967}},"620":{"start":{"line":1,"column":27093},"end":{"line":1,"column":27109}},"621":{"start":{"line":1,"column":27110},"end":{"line":1,"column":27163}},"622":{"start":{"line":1,"column":27228},"end":{"line":1,"column":27244}},"623":{"start":{"line":1,"column":27245},"end":{"line":1,"column":27306}},"624":{"start":{"line":1,"column":27356},"end":{"line":1,"column":27397}},"625":{"start":{"line":1,"column":27407},"end":{"line":1,"column":27575}},"626":{"start":{"line":1,"column":27595},"end":{"line":1,"column":27661}},"627":{"start":{"line":1,"column":27669},"end":{"line":1,"column":27673}},"628":{"start":{"line":1,"column":27677},"end":{"line":1,"column":27681}},"629":{"start":{"line":1,"column":27697},"end":{"line":1,"column":27701}},"630":{"start":{"line":1,"column":27717},"end":{"line":1,"column":27737}},"631":{"start":{"line":1,"column":27729},"end":{"line":1,"column":27737}},"632":{"start":{"line":1,"column":27755},"end":{"line":1,"column":27779}},"633":{"start":{"line":1,"column":27771},"end":{"line":1,"column":27779}},"634":{"start":{"line":1,"column":27787},"end":{"line":1,"column":27789}},"635":{"start":{"line":1,"column":27804},"end":{"line":1,"column":27858}},"636":{"start":{"line":1,"column":27874},"end":{"line":1,"column":27931}},"637":{"start":{"line":1,"column":27951},"end":{"line":1,"column":28033}},"638":{"start":{"line":1,"column":28049},"end":{"line":1,"column":28115}},"639":{"start":{"line":1,"column":28102},"end":{"line":1,"column":28115}},"640":{"start":{"line":1,"column":28133},"end":{"line":1,"column":28160}},"641":{"start":{"line":1,"column":28148},"end":{"line":1,"column":28160}},"642":{"start":{"line":1,"column":28178},"end":{"line":1,"column":28219}},"643":{"start":{"line":1,"column":28207},"end":{"line":1,"column":28219}},"644":{"start":{"line":1,"column":28220},"end":{"line":1,"column":28291}},"645":{"start":{"line":1,"column":28298},"end":{"line":1,"column":28749}},"646":{"start":{"line":1,"column":28377},"end":{"line":1,"column":28390}},"647":{"start":{"line":1,"column":28393},"end":{"line":1,"column":28399}},"648":{"start":{"line":1,"column":28402},"end":{"line":1,"column":28408}},"649":{"start":{"line":1,"column":28411},"end":{"line":1,"column":28447}},"650":{"start":{"line":1,"column":28448},"end":{"line":1,"column":28647}},"651":{"start":{"line":1,"column":28630},"end":{"line":1,"column":28647}},"652":{"start":{"line":1,"column":28647},"end":{"line":1,"column":28747}},"653":{"start":{"line":1,"column":28753},"end":{"line":1,"column":28787}},"654":{"start":{"line":1,"column":28791},"end":{"line":1,"column":28855}},"655":{"start":{"line":1,"column":28877},"end":{"line":1,"column":28893}},"656":{"start":{"line":1,"column":28894},"end":{"line":1,"column":28961}},"657":{"start":{"line":1,"column":28976},"end":{"line":1,"column":28985}},"658":{"start":{"line":1,"column":28993},"end":{"line":1,"column":28994}},"659":{"start":{"line":1,"column":28998},"end":{"line":1,"column":28999}},"660":{"start":{"line":1,"column":29003},"end":{"line":1,"column":29005}},"661":{"start":{"line":1,"column":29009},"end":{"line":1,"column":29011}},"662":{"start":{"line":1,"column":29015},"end":{"line":1,"column":29582}},"663":{"start":{"line":1,"column":29223},"end":{"line":1,"column":29303}},"664":{"start":{"line":1,"column":29327},"end":{"line":1,"column":29365}},"665":{"start":{"line":1,"column":29346},"end":{"line":1,"column":29365}},"666":{"start":{"line":1,"column":29371},"end":{"line":1,"column":29373}},"667":{"start":{"line":1,"column":29374},"end":{"line":1,"column":29441}},"668":{"start":{"line":1,"column":29465},"end":{"line":1,"column":29503}},"669":{"start":{"line":1,"column":29484},"end":{"line":1,"column":29503}},"670":{"start":{"line":1,"column":29509},"end":{"line":1,"column":29511}},"671":{"start":{"line":1,"column":29512},"end":{"line":1,"column":29579}},"672":{"start":{"line":1,"column":29586},"end":{"line":1,"column":29739}},"673":{"start":{"line":1,"column":29743},"end":{"line":1,"column":30092}},"674":{"start":{"line":1,"column":30096},"end":{"line":1,"column":31258}},"675":{"start":{"line":1,"column":30149},"end":{"line":1,"column":30183}},"676":{"start":{"line":1,"column":30186},"end":{"line":1,"column":30218}},"677":{"start":{"line":1,"column":30219},"end":{"line":1,"column":30278}},"678":{"start":{"line":1,"column":30266},"end":{"line":1,"column":30278}},"679":{"start":{"line":1,"column":30278},"end":{"line":1,"column":30433}},"680":{"start":{"line":1,"column":30421},"end":{"line":1,"column":30433}},"681":{"start":{"line":1,"column":30439},"end":{"line":1,"column":30445}},"682":{"start":{"line":1,"column":30448},"end":{"line":1,"column":30454}},"683":{"start":{"line":1,"column":30457},"end":{"line":1,"column":30463}},"684":{"start":{"line":1,"column":30466},"end":{"line":1,"column":30472}},"685":{"start":{"line":1,"column":30473},"end":{"line":1,"column":30646}},"686":{"start":{"line":1,"column":30652},"end":{"line":1,"column":30666}},"687":{"start":{"line":1,"column":30667},"end":{"line":1,"column":31017}},"688":{"start":{"line":1,"column":30834},"end":{"line":1,"column":31005}},"689":{"start":{"line":1,"column":30837},"end":{"line":1,"column":30868}},"690":{"start":{"line":1,"column":30864},"end":{"line":1,"column":30868}},"691":{"start":{"line":1,"column":30868},"end":{"line":1,"column":30893}},"692":{"start":{"line":1,"column":30889},"end":{"line":1,"column":30893}},"693":{"start":{"line":1,"column":30893},"end":{"line":1,"column":30916}},"694":{"start":{"line":1,"column":30905},"end":{"line":1,"column":30916}},"695":{"start":{"line":1,"column":30916},"end":{"line":1,"column":30939}},"696":{"start":{"line":1,"column":30928},"end":{"line":1,"column":30939}},"697":{"start":{"line":1,"column":30939},"end":{"line":1,"column":30998}},"698":{"start":{"line":1,"column":30950},"end":{"line":1,"column":30984}},"699":{"start":{"line":1,"column":30976},"end":{"line":1,"column":30984}},"700":{"start":{"line":1,"column":30984},"end":{"line":1,"column":30997}},"701":{"start":{"line":1,"column":30998},"end":{"line":1,"column":31004}},"702":{"start":{"line":1,"column":31010},"end":{"line":1,"column":31017}},"703":{"start":{"line":1,"column":31017},"end":{"line":1,"column":31090}},"704":{"start":{"line":1,"column":31073},"end":{"line":1,"column":31090}},"705":{"start":{"line":1,"column":31090},"end":{"line":1,"column":31159}},"706":{"start":{"line":1,"column":31142},"end":{"line":1,"column":31159}},"707":{"start":{"line":1,"column":31159},"end":{"line":1,"column":31202}},"708":{"start":{"line":1,"column":31182},"end":{"line":1,"column":31202}},"709":{"start":{"line":1,"column":31202},"end":{"line":1,"column":31245}},"710":{"start":{"line":1,"column":31224},"end":{"line":1,"column":31245}},"711":{"start":{"line":1,"column":31245},"end":{"line":1,"column":31256}},"712":{"start":{"line":1,"column":31276},"end":{"line":1,"column":31322}},"713":{"start":{"line":1,"column":31330},"end":{"line":1,"column":31361}},"714":{"start":{"line":1,"column":31379},"end":{"line":1,"column":31399}},"715":{"start":{"line":1,"column":31390},"end":{"line":1,"column":31399}},"716":{"start":{"line":1,"column":31399},"end":{"line":1,"column":31472}},"717":{"start":{"line":1,"column":31463},"end":{"line":1,"column":31472}},"718":{"start":{"line":1,"column":31478},"end":{"line":1,"column":31492}},"719":{"start":{"line":1,"column":31495},"end":{"line":1,"column":31509}},"720":{"start":{"line":1,"column":31510},"end":{"line":1,"column":31542}},"721":{"start":{"line":1,"column":31533},"end":{"line":1,"column":31542}},"722":{"start":{"line":1,"column":31542},"end":{"line":1,"column":31616}},"723":{"start":{"line":1,"column":31565},"end":{"line":1,"column":31616}},"724":{"start":{"line":1,"column":31607},"end":{"line":1,"column":31616}},"725":{"start":{"line":1,"column":31616},"end":{"line":1,"column":31624}},"726":{"start":{"line":1,"column":31646},"end":{"line":1,"column":31647}},"727":{"start":{"line":1,"column":31648},"end":{"line":1,"column":31784}},"728":{"start":{"line":1,"column":31663},"end":{"line":1,"column":31689}},"729":{"start":{"line":1,"column":31678},"end":{"line":1,"column":31689}},"730":{"start":{"line":1,"column":31694},"end":{"line":1,"column":31726}},"731":{"start":{"line":1,"column":31717},"end":{"line":1,"column":31726}},"732":{"start":{"line":1,"column":31726},"end":{"line":1,"column":31783}},"733":{"start":{"line":1,"column":31741},"end":{"line":1,"column":31783}},"734":{"start":{"line":1,"column":31775},"end":{"line":1,"column":31783}},"735":{"start":{"line":1,"column":31784},"end":{"line":1,"column":31804}},"736":{"start":{"line":1,"column":31820},"end":{"line":1,"column":31839}},"737":{"start":{"line":1,"column":31855},"end":{"line":1,"column":32465}},"738":{"start":{"line":1,"column":31880},"end":{"line":1,"column":31891}},"739":{"start":{"line":1,"column":31892},"end":{"line":1,"column":31942}},"740":{"start":{"line":1,"column":31898},"end":{"line":1,"column":31942}},"741":{"start":{"line":1,"column":31942},"end":{"line":1,"column":32393}},"742":{"start":{"line":1,"column":31952},"end":{"line":1,"column":31953}},"743":{"start":{"line":1,"column":31956},"end":{"line":1,"column":31957}},"744":{"start":{"line":1,"column":31967},"end":{"line":1,"column":31975}},"745":{"start":{"line":1,"column":31978},"end":{"line":1,"column":31996}},"746":{"start":{"line":1,"column":31997},"end":{"line":1,"column":32013}},"747":{"start":{"line":1,"column":32007},"end":{"line":1,"column":32013}},"748":{"start":{"line":1,"column":32013},"end":{"line":1,"column":32126}},"749":{"start":{"line":1,"column":32035},"end":{"line":1,"column":32117}},"750":{"start":{"line":1,"column":32045},"end":{"line":1,"column":32052}},"751":{"start":{"line":1,"column":32057},"end":{"line":1,"column":32081}},"752":{"start":{"line":1,"column":32066},"end":{"line":1,"column":32081}},"753":{"start":{"line":1,"column":32081},"end":{"line":1,"column":32105}},"754":{"start":{"line":1,"column":32090},"end":{"line":1,"column":32105}},"755":{"start":{"line":1,"column":32105},"end":{"line":1,"column":32116}},"756":{"start":{"line":1,"column":32117},"end":{"line":1,"column":32125}},"757":{"start":{"line":1,"column":32126},"end":{"line":1,"column":32367}},"758":{"start":{"line":1,"column":32149},"end":{"line":1,"column":32157}},"759":{"start":{"line":1,"column":32162},"end":{"line":1,"column":32167}},"760":{"start":{"line":1,"column":32167},"end":{"line":1,"column":32259}},"761":{"start":{"line":1,"column":32177},"end":{"line":1,"column":32184}},"762":{"start":{"line":1,"column":32189},"end":{"line":1,"column":32218}},"763":{"start":{"line":1,"column":32199},"end":{"line":1,"column":32212}},"764":{"start":{"line":1,"column":32212},"end":{"line":1,"column":32217}},"765":{"start":{"line":1,"column":32218},"end":{"line":1,"column":32247}},"766":{"start":{"line":1,"column":32228},"end":{"line":1,"column":32241}},"767":{"start":{"line":1,"column":32241},"end":{"line":1,"column":32246}},"768":{"start":{"line":1,"column":32247},"end":{"line":1,"column":32258}},"769":{"start":{"line":1,"column":32259},"end":{"line":1,"column":32366}},"770":{"start":{"line":1,"column":32266},"end":{"line":1,"column":32354}},"771":{"start":{"line":1,"column":32284},"end":{"line":1,"column":32313}},"772":{"start":{"line":1,"column":32294},"end":{"line":1,"column":32307}},"773":{"start":{"line":1,"column":32307},"end":{"line":1,"column":32312}},"774":{"start":{"line":1,"column":32313},"end":{"line":1,"column":32342}},"775":{"start":{"line":1,"column":32323},"end":{"line":1,"column":32336}},"776":{"start":{"line":1,"column":32336},"end":{"line":1,"column":32341}},"777":{"start":{"line":1,"column":32342},"end":{"line":1,"column":32353}},"778":{"start":{"line":1,"column":32354},"end":{"line":1,"column":32365}},"779":{"start":{"line":1,"column":32367},"end":{"line":1,"column":32392}},"780":{"start":{"line":1,"column":32393},"end":{"line":1,"column":32447}},"781":{"start":{"line":1,"column":32453},"end":{"line":1,"column":32465}},"782":{"start":{"line":1,"column":32465},"end":{"line":1,"column":32678}},"783":{"start":{"line":1,"column":32475},"end":{"line":1,"column":32476}},"784":{"start":{"line":1,"column":32480},"end":{"line":1,"column":32513}},"785":{"start":{"line":1,"column":32504},"end":{"line":1,"column":32513}},"786":{"start":{"line":1,"column":32513},"end":{"line":1,"column":32677}},"787":{"start":{"line":1,"column":32524},"end":{"line":1,"column":32551}},"788":{"start":{"line":1,"column":32556},"end":{"line":1,"column":32571}},"789":{"start":{"line":1,"column":32565},"end":{"line":1,"column":32571}},"790":{"start":{"line":1,"column":32571},"end":{"line":1,"column":32639}},"791":{"start":{"line":1,"column":32589},"end":{"line":1,"column":32628}},"792":{"start":{"line":1,"column":32616},"end":{"line":1,"column":32628}},"793":{"start":{"line":1,"column":32628},"end":{"line":1,"column":32638}},"794":{"start":{"line":1,"column":32639},"end":{"line":1,"column":32676}},"795":{"start":{"line":1,"column":32678},"end":{"line":1,"column":32689}},"796":{"start":{"line":1,"column":32697},"end":{"line":1,"column":32764}},"797":{"start":{"line":1,"column":32768},"end":{"line":1,"column":32870}},"798":{"start":{"line":1,"column":32805},"end":{"line":1,"column":32867}},"799":{"start":{"line":1,"column":32874},"end":{"line":1,"column":32905}},"800":{"start":{"line":1,"column":32927},"end":{"line":1,"column":32936}},"801":{"start":{"line":1,"column":32937},"end":{"line":1,"column":33029}},"802":{"start":{"line":1,"column":33037},"end":{"line":1,"column":33241}},"803":{"start":{"line":1,"column":33245},"end":{"line":1,"column":33648}},"804":{"start":{"line":1,"column":33652},"end":{"line":1,"column":34229}},"805":{"start":{"line":1,"column":33679},"end":{"line":1,"column":33743}},"806":{"start":{"line":1,"column":33695},"end":{"line":1,"column":33711}},"807":{"start":{"line":1,"column":33712},"end":{"line":1,"column":33742}},"808":{"start":{"line":1,"column":33734},"end":{"line":1,"column":33742}},"809":{"start":{"line":1,"column":33743},"end":{"line":1,"column":33884}},"810":{"start":{"line":1,"column":34017},"end":{"line":1,"column":34050}},"811":{"start":{"line":1,"column":34072},"end":{"line":1,"column":34126}},"812":{"start":{"line":1,"column":34146},"end":{"line":1,"column":34226}},"813":{"start":{"line":1,"column":34233},"end":{"line":1,"column":34263}},"814":{"start":{"line":1,"column":34267},"end":{"line":1,"column":34403}},"815":{"start":{"line":1,"column":34407},"end":{"line":1,"column":34473}},"816":{"start":{"line":1,"column":34477},"end":{"line":1,"column":34713}},"817":{"start":{"line":1,"column":34507},"end":{"line":1,"column":34569}},"818":{"start":{"line":1,"column":34590},"end":{"line":1,"column":34683}},"819":{"start":{"line":1,"column":34717},"end":{"line":1,"column":35718}},"820":{"start":{"line":1,"column":35722},"end":{"line":1,"column":35724}},"821":{"start":{"line":1,"column":35728},"end":{"line":1,"column":35730}},"822":{"start":{"line":1,"column":35754},"end":{"line":1,"column":35758}},"823":{"start":{"line":1,"column":35761},"end":{"line":1,"column":35804}},"824":{"start":{"line":1,"column":35805},"end":{"line":1,"column":35914}},"825":{"start":{"line":1,"column":35915},"end":{"line":1,"column":36741}},"826":{"start":{"line":1,"column":36696},"end":{"line":1,"column":36704}},"827":{"start":{"line":1,"column":36730},"end":{"line":1,"column":36738}},"828":{"start":{"line":1,"column":36748},"end":{"line":1,"column":37774}},"829":{"start":{"line":1,"column":36806},"end":{"line":1,"column":36853}},"830":{"start":{"line":1,"column":36893},"end":{"line":1,"column":36898}},"831":{"start":{"line":1,"column":36899},"end":{"line":1,"column":36917}},"832":{"start":{"line":1,"column":36905},"end":{"line":1,"column":36917}},"833":{"start":{"line":1,"column":36917},"end":{"line":1,"column":37738}},"834":{"start":{"line":1,"column":36942},"end":{"line":1,"column":36967}},"835":{"start":{"line":1,"column":36955},"end":{"line":1,"column":36967}},"836":{"start":{"line":1,"column":36993},"end":{"line":1,"column":36998}},"837":{"start":{"line":1,"column":36998},"end":{"line":1,"column":37004}},"838":{"start":{"line":1,"column":37027},"end":{"line":1,"column":37032}},"839":{"start":{"line":1,"column":37032},"end":{"line":1,"column":37038}},"840":{"start":{"line":1,"column":37050},"end":{"line":1,"column":37078}},"841":{"start":{"line":1,"column":37066},"end":{"line":1,"column":37078}},"842":{"start":{"line":1,"column":37203},"end":{"line":1,"column":37208}},"843":{"start":{"line":1,"column":37208},"end":{"line":1,"column":37214}},"844":{"start":{"line":1,"column":37328},"end":{"line":1,"column":37333}},"845":{"start":{"line":1,"column":37333},"end":{"line":1,"column":37339}},"846":{"start":{"line":1,"column":37405},"end":{"line":1,"column":37410}},"847":{"start":{"line":1,"column":37410},"end":{"line":1,"column":37416}},"848":{"start":{"line":1,"column":37437},"end":{"line":1,"column":37442}},"849":{"start":{"line":1,"column":37442},"end":{"line":1,"column":37448}},"850":{"start":{"line":1,"column":37456},"end":{"line":1,"column":37461}},"851":{"start":{"line":1,"column":37461},"end":{"line":1,"column":37467}},"852":{"start":{"line":1,"column":37480},"end":{"line":1,"column":37485}},"853":{"start":{"line":1,"column":37485},"end":{"line":1,"column":37491}},"854":{"start":{"line":1,"column":37503},"end":{"line":1,"column":37508}},"855":{"start":{"line":1,"column":37508},"end":{"line":1,"column":37514}},"856":{"start":{"line":1,"column":37547},"end":{"line":1,"column":37552}},"857":{"start":{"line":1,"column":37552},"end":{"line":1,"column":37558}},"858":{"start":{"line":1,"column":37714},"end":{"line":1,"column":37719}},"859":{"start":{"line":1,"column":37719},"end":{"line":1,"column":37725}},"860":{"start":{"line":1,"column":37733},"end":{"line":1,"column":37737}},"861":{"start":{"line":1,"column":37738},"end":{"line":1,"column":37772}},"862":{"start":{"line":1,"column":37778},"end":{"line":1,"column":37811}},"863":{"start":{"line":1,"column":37815},"end":{"line":1,"column":37817}},"864":{"start":{"line":1,"column":37839},"end":{"line":1,"column":37851}},"865":{"start":{"line":1,"column":37854},"end":{"line":1,"column":37855}},"866":{"start":{"line":1,"column":37856},"end":{"line":1,"column":38018}},"867":{"start":{"line":1,"column":37859},"end":{"line":1,"column":37892}},"868":{"start":{"line":1,"column":37866},"end":{"line":1,"column":37886}},"869":{"start":{"line":1,"column":37886},"end":{"line":1,"column":37891}},"870":{"start":{"line":1,"column":37898},"end":{"line":1,"column":37927}},"871":{"start":{"line":1,"column":37916},"end":{"line":1,"column":37927}},"872":{"start":{"line":1,"column":37927},"end":{"line":1,"column":37982}},"873":{"start":{"line":1,"column":37976},"end":{"line":1,"column":37982}},"874":{"start":{"line":1,"column":37982},"end":{"line":1,"column":38008}},"875":{"start":{"line":1,"column":38018},"end":{"line":1,"column":38221}},"876":{"start":{"line":1,"column":38052},"end":{"line":1,"column":38069}},"877":{"start":{"line":1,"column":38075},"end":{"line":1,"column":38092}},"878":{"start":{"line":1,"column":38093},"end":{"line":1,"column":38110}},"879":{"start":{"line":1,"column":38110},"end":{"line":1,"column":38216}},"880":{"start":{"line":1,"column":38120},"end":{"line":1,"column":38133}},"881":{"start":{"line":1,"column":38136},"end":{"line":1,"column":38140}},"882":{"start":{"line":1,"column":38143},"end":{"line":1,"column":38144}},"883":{"start":{"line":1,"column":38167},"end":{"line":1,"column":38171}},"884":{"start":{"line":1,"column":38172},"end":{"line":1,"column":38215}},"885":{"start":{"line":1,"column":38216},"end":{"line":1,"column":38220}},"886":{"start":{"line":1,"column":38229},"end":{"line":1,"column":38231}},"887":{"start":{"line":1,"column":38249},"end":{"line":1,"column":38267}},"888":{"start":{"line":1,"column":38255},"end":{"line":1,"column":38267}},"889":{"start":{"line":1,"column":38273},"end":{"line":1,"column":38299}},"890":{"start":{"line":1,"column":38300},"end":{"line":1,"column":38326}},"891":{"start":{"line":1,"column":38344},"end":{"line":1,"column":38362}},"892":{"start":{"line":1,"column":38350},"end":{"line":1,"column":38362}},"893":{"start":{"line":1,"column":38368},"end":{"line":1,"column":38394}},"894":{"start":{"line":1,"column":38395},"end":{"line":1,"column":38421}},"895":{"start":{"line":1,"column":38439},"end":{"line":1,"column":38449}},"896":{"start":{"line":1,"column":38467},"end":{"line":1,"column":38818}},"897":{"start":{"line":1,"column":38480},"end":{"line":1,"column":38485}},"898":{"start":{"line":1,"column":38486},"end":{"line":1,"column":38693}},"899":{"start":{"line":1,"column":38568},"end":{"line":1,"column":38576}},"900":{"start":{"line":1,"column":38577},"end":{"line":1,"column":38628}},"901":{"start":{"line":1,"column":38634},"end":{"line":1,"column":38693}},"902":{"start":{"line":1,"column":38693},"end":{"line":1,"column":38817}},"903":{"start":{"line":1,"column":38697},"end":{"line":1,"column":38705}},"904":{"start":{"line":1,"column":38714},"end":{"line":1,"column":38816}},"905":{"start":{"line":1,"column":38826},"end":{"line":1,"column":38828}},"906":{"start":{"line":1,"column":38832},"end":{"line":1,"column":38833}},"907":{"start":{"line":1,"column":38837},"end":{"line":1,"column":38884}},"908":{"start":{"line":1,"column":38900},"end":{"line":1,"column":38986}},"909":{"start":{"line":1,"column":39002},"end":{"line":1,"column":39092}},"910":{"start":{"line":1,"column":39080},"end":{"line":1,"column":39092}},"911":{"start":{"line":1,"column":39092},"end":{"line":1,"column":39150}},"912":{"start":{"line":1,"column":39096},"end":{"line":1,"column":39126}},"913":{"start":{"line":1,"column":39136},"end":{"line":1,"column":39149}},"914":{"start":{"line":1,"column":39166},"end":{"line":1,"column":39203}},"915":{"start":{"line":1,"column":39188},"end":{"line":1,"column":39203}},"916":{"start":{"line":1,"column":39203},"end":{"line":1,"column":39211}},"917":{"start":{"line":1,"column":39237},"end":{"line":1,"column":39242}},"918":{"start":{"line":1,"column":39243},"end":{"line":1,"column":39429}},"919":{"start":{"line":1,"column":39255},"end":{"line":1,"column":39343}},"920":{"start":{"line":1,"column":39274},"end":{"line":1,"column":39339}},"921":{"start":{"line":1,"column":39313},"end":{"line":1,"column":39339}},"922":{"start":{"line":1,"column":39339},"end":{"line":1,"column":39342}},"923":{"start":{"line":1,"column":39343},"end":{"line":1,"column":39421}},"924":{"start":{"line":1,"column":39346},"end":{"line":1,"column":39412}},"925":{"start":{"line":1,"column":39355},"end":{"line":1,"column":39397}},"926":{"start":{"line":1,"column":39373},"end":{"line":1,"column":39389}},"927":{"start":{"line":1,"column":39389},"end":{"line":1,"column":39396}},"928":{"start":{"line":1,"column":39397},"end":{"line":1,"column":39411}},"929":{"start":{"line":1,"column":39412},"end":{"line":1,"column":39420}},"930":{"start":{"line":1,"column":39421},"end":{"line":1,"column":39428}},"931":{"start":{"line":1,"column":39444},"end":{"line":1,"column":39622}},"932":{"start":{"line":1,"column":39454},"end":{"line":1,"column":39460}},"933":{"start":{"line":1,"column":39463},"end":{"line":1,"column":39467}},"934":{"start":{"line":1,"column":39503},"end":{"line":1,"column":39575}},"935":{"start":{"line":1,"column":39513},"end":{"line":1,"column":39560}},"936":{"start":{"line":1,"column":39570},"end":{"line":1,"column":39574}},"937":{"start":{"line":1,"column":39575},"end":{"line":1,"column":39587}},"938":{"start":{"line":1,"column":39581},"end":{"line":1,"column":39587}},"939":{"start":{"line":1,"column":39587},"end":{"line":1,"column":39621}},"940":{"start":{"line":1,"column":39622},"end":{"line":1,"column":39630}},"941":{"start":{"line":1,"column":39652},"end":{"line":1,"column":39691}},"942":{"start":{"line":1,"column":39692},"end":{"line":1,"column":39850}},"943":{"start":{"line":1,"column":39872},"end":{"line":1,"column":39876}},"944":{"start":{"line":1,"column":39879},"end":{"line":1,"column":39892}},"945":{"start":{"line":1,"column":39895},"end":{"line":1,"column":39911}},"946":{"start":{"line":1,"column":39912},"end":{"line":1,"column":41055}},"947":{"start":{"line":1,"column":39958},"end":{"line":1,"column":40137}},"948":{"start":{"line":1,"column":40175},"end":{"line":1,"column":40833}},"949":{"start":{"line":1,"column":40194},"end":{"line":1,"column":40833}},"950":{"start":{"line":1,"column":40254},"end":{"line":1,"column":40315}},"951":{"start":{"line":1,"column":40320},"end":{"line":1,"column":40833}},"952":{"start":{"line":1,"column":40394},"end":{"line":1,"column":40413}},"953":{"start":{"line":1,"column":40419},"end":{"line":1,"column":40439}},"954":{"start":{"line":1,"column":40442},"end":{"line":1,"column":40461}},"955":{"start":{"line":1,"column":40462},"end":{"line":1,"column":40539}},"956":{"start":{"line":1,"column":40545},"end":{"line":1,"column":40552}},"957":{"start":{"line":1,"column":40553},"end":{"line":1,"column":40832}},"958":{"start":{"line":1,"column":40833},"end":{"line":1,"column":40932}},"959":{"start":{"line":1,"column":40862},"end":{"line":1,"column":40932}},"960":{"start":{"line":1,"column":40932},"end":{"line":1,"column":41054}},"961":{"start":{"line":1,"column":40994},"end":{"line":1,"column":41054}},"962":{"start":{"line":1,"column":41063},"end":{"line":1,"column":41118}},"963":{"start":{"line":1,"column":41122},"end":{"line":1,"column":41309}},"964":{"start":{"line":1,"column":41313},"end":{"line":1,"column":41317}},"965":{"start":{"line":1,"column":41321},"end":{"line":1,"column":41325}},"966":{"start":{"line":1,"column":41329},"end":{"line":1,"column":41333}},"967":{"start":{"line":1,"column":41337},"end":{"line":1,"column":41339}},"968":{"start":{"line":1,"column":41363},"end":{"line":1,"column":41419}},"969":{"start":{"line":1,"column":41420},"end":{"line":1,"column":41805}},"970":{"start":{"line":1,"column":41813},"end":{"line":1,"column":42388}},"971":{"start":{"line":1,"column":41868},"end":{"line":1,"column":41924}},"972":{"start":{"line":1,"column":41925},"end":{"line":1,"column":42056}},"973":{"start":{"line":1,"column":41937},"end":{"line":1,"column":42051}},"974":{"start":{"line":1,"column":41940},"end":{"line":1,"column":41961}},"975":{"start":{"line":1,"column":41961},"end":{"line":1,"column":42046}},"976":{"start":{"line":1,"column":41971},"end":{"line":1,"column":41972}},"977":{"start":{"line":1,"column":41995},"end":{"line":1,"column":41999}},"978":{"start":{"line":1,"column":42000},"end":{"line":1,"column":42045}},"979":{"start":{"line":1,"column":42032},"end":{"line":1,"column":42037}},"980":{"start":{"line":1,"column":42037},"end":{"line":1,"column":42044}},"981":{"start":{"line":1,"column":42046},"end":{"line":1,"column":42050}},"982":{"start":{"line":1,"column":42051},"end":{"line":1,"column":42055}},"983":{"start":{"line":1,"column":42056},"end":{"line":1,"column":42073}},"984":{"start":{"line":1,"column":42061},"end":{"line":1,"column":42073}},"985":{"start":{"line":1,"column":42073},"end":{"line":1,"column":42375}},"986":{"start":{"line":1,"column":42111},"end":{"line":1,"column":42168}},"987":{"start":{"line":1,"column":42168},"end":{"line":1,"column":42174}},"988":{"start":{"line":1,"column":42185},"end":{"line":1,"column":42199}},"989":{"start":{"line":1,"column":42199},"end":{"line":1,"column":42205}},"990":{"start":{"line":1,"column":42221},"end":{"line":1,"column":42227}},"991":{"start":{"line":1,"column":42227},"end":{"line":1,"column":42233}},"992":{"start":{"line":1,"column":42279},"end":{"line":1,"column":42300}},"993":{"start":{"line":1,"column":42322},"end":{"line":1,"column":42334}},"994":{"start":{"line":1,"column":42328},"end":{"line":1,"column":42334}},"995":{"start":{"line":1,"column":42360},"end":{"line":1,"column":42374}},"996":{"start":{"line":1,"column":42375},"end":{"line":1,"column":42386}},"997":{"start":{"line":1,"column":42406},"end":{"line":1,"column":42553}},"998":{"start":{"line":1,"column":42459},"end":{"line":1,"column":42461}},"999":{"start":{"line":1,"column":42462},"end":{"line":1,"column":42521}},"1000":{"start":{"line":1,"column":42502},"end":{"line":1,"column":42517}},"1001":{"start":{"line":1,"column":42575},"end":{"line":1,"column":42951}},"1002":{"start":{"line":1,"column":42593},"end":{"line":1,"column":42598}},"1003":{"start":{"line":1,"column":42598},"end":{"line":1,"column":42640}},"1004":{"start":{"line":1,"column":42608},"end":{"line":1,"column":42609}},"1005":{"start":{"line":1,"column":42625},"end":{"line":1,"column":42640}},"1006":{"start":{"line":1,"column":42640},"end":{"line":1,"column":42766}},"1007":{"start":{"line":1,"column":42663},"end":{"line":1,"column":42766}},"1008":{"start":{"line":1,"column":42772},"end":{"line":1,"column":42925}},"1009":{"start":{"line":1,"column":42814},"end":{"line":1,"column":42891}},"1010":{"start":{"line":1,"column":42832},"end":{"line":1,"column":42891}},"1011":{"start":{"line":1,"column":42891},"end":{"line":1,"column":42924}},"1012":{"start":{"line":1,"column":42925},"end":{"line":1,"column":42950}},"1013":{"start":{"line":1,"column":42969},"end":{"line":1,"column":43100}},"1014":{"start":{"line":1,"column":43124},"end":{"line":1,"column":43131}},"1015":{"start":{"line":1,"column":43132},"end":{"line":1,"column":43305}},"1016":{"start":{"line":1,"column":43329},"end":{"line":1,"column":43340}},"1017":{"start":{"line":1,"column":43343},"end":{"line":1,"column":43361}},"1018":{"start":{"line":1,"column":43362},"end":{"line":1,"column":43496}},"1019":{"start":{"line":1,"column":43518},"end":{"line":1,"column":43531}},"1020":{"start":{"line":1,"column":43532},"end":{"line":1,"column":43577}},"1021":{"start":{"line":1,"column":43578},"end":{"line":1,"column":43893}},"1022":{"start":{"line":1,"column":43900},"end":{"line":1,"column":44014}},"1023":{"start":{"line":1,"column":44030},"end":{"line":1,"column":44184}},"1024":{"start":{"line":1,"column":44050},"end":{"line":1,"column":44085}},"1025":{"start":{"line":1,"column":44096},"end":{"line":1,"column":44139}},"1026":{"start":{"line":1,"column":44147},"end":{"line":1,"column":44183}},"1027":{"start":{"line":1,"column":44202},"end":{"line":1,"column":44345}},"1028":{"start":{"line":1,"column":44356},"end":{"line":1,"column":44362}},"1029":{"start":{"line":1,"column":44367},"end":{"line":1,"column":44763}},"1030":{"start":{"line":1,"column":44384},"end":{"line":1,"column":44624}},"1031":{"start":{"line":1,"column":44428},"end":{"line":1,"column":44442}},"1032":{"start":{"line":1,"column":44447},"end":{"line":1,"column":44577}},"1033":{"start":{"line":1,"column":44549},"end":{"line":1,"column":44577}},"1034":{"start":{"line":1,"column":44577},"end":{"line":1,"column":44623}},"1035":{"start":{"line":1,"column":44596},"end":{"line":1,"column":44623}},"1036":{"start":{"line":1,"column":44702},"end":{"line":1,"column":44759}},"1037":{"start":{"line":1,"column":44743},"end":{"line":1,"column":44757}},"1038":{"start":{"line":1,"column":44782},"end":{"line":1,"column":44872}},"1039":{"start":{"line":1,"column":44794},"end":{"line":1,"column":44806}},"1040":{"start":{"line":1,"column":44807},"end":{"line":1,"column":44871}},"1041":{"start":{"line":1,"column":44845},"end":{"line":1,"column":44871}},"1042":{"start":{"line":1,"column":44872},"end":{"line":1,"column":44887}},"1043":{"start":{"line":1,"column":44895},"end":{"line":1,"column":45519}},"1044":{"start":{"line":1,"column":45523},"end":{"line":1,"column":45548}},"1045":{"start":{"line":1,"column":45568},"end":{"line":1,"column":45695}},"1046":{"start":{"line":1,"column":45713},"end":{"line":1,"column":45859}},"1047":{"start":{"line":1,"column":45738},"end":{"line":1,"column":45859}},"1048":{"start":{"line":1,"column":45768},"end":{"line":1,"column":45787}},"1049":{"start":{"line":1,"column":45790},"end":{"line":1,"column":45802}},"1050":{"start":{"line":1,"column":45803},"end":{"line":1,"column":45858}},"1051":{"start":{"line":1,"column":45860},"end":{"line":1,"column":45980}},"1052":{"start":{"line":1,"column":45896},"end":{"line":1,"column":45977}},"1053":{"start":{"line":1,"column":45919},"end":{"line":1,"column":45975}},"1054":{"start":{"line":1,"column":45987},"end":{"line":1,"column":46126}},"1055":{"start":{"line":1,"column":46144},"end":{"line":1,"column":46427}},"1056":{"start":{"line":1,"column":46445},"end":{"line":1,"column":46497}},"1057":{"start":{"line":1,"column":46468},"end":{"line":1,"column":46497}},"1058":{"start":{"line":1,"column":46497},"end":{"line":1,"column":46694}},"1059":{"start":{"line":1,"column":46668},"end":{"line":1,"column":46677}},"1060":{"start":{"line":1,"column":46685},"end":{"line":1,"column":46693}},"1061":{"start":{"line":1,"column":46718},"end":{"line":1,"column":46773}},"1062":{"start":{"line":1,"column":46774},"end":{"line":1,"column":46781}},"1063":{"start":{"line":1,"column":46781},"end":{"line":1,"column":47109}},"1064":{"start":{"line":1,"column":46791},"end":{"line":1,"column":46792}},"1065":{"start":{"line":1,"column":46815},"end":{"line":1,"column":46819}},"1066":{"start":{"line":1,"column":46820},"end":{"line":1,"column":47108}},"1067":{"start":{"line":1,"column":46852},"end":{"line":1,"column":47100}},"1068":{"start":{"line":1,"column":46875},"end":{"line":1,"column":46890}},"1069":{"start":{"line":1,"column":46890},"end":{"line":1,"column":46896}},"1070":{"start":{"line":1,"column":46919},"end":{"line":1,"column":46967}},"1071":{"start":{"line":1,"column":46967},"end":{"line":1,"column":46973}},"1072":{"start":{"line":1,"column":46998},"end":{"line":1,"column":47013}},"1073":{"start":{"line":1,"column":47013},"end":{"line":1,"column":47019}},"1074":{"start":{"line":1,"column":47058},"end":{"line":1,"column":47064}},"1075":{"start":{"line":1,"column":47072},"end":{"line":1,"column":47099}},"1076":{"start":{"line":1,"column":47100},"end":{"line":1,"column":47107}},"1077":{"start":{"line":1,"column":47132},"end":{"line":1,"column":47136}},"1078":{"start":{"line":1,"column":47140},"end":{"line":1,"column":47144}},"1079":{"start":{"line":1,"column":47162},"end":{"line":1,"column":47245}},"1080":{"start":{"line":1,"column":47225},"end":{"line":1,"column":47244}},"1081":{"start":{"line":1,"column":47245},"end":{"line":1,"column":47253}},"1082":{"start":{"line":1,"column":47271},"end":{"line":1,"column":47500}},"1083":{"start":{"line":1,"column":47508},"end":{"line":1,"column":47556}},"1084":{"start":{"line":1,"column":47560},"end":{"line":1,"column":47612}},"1085":{"start":{"line":1,"column":47616},"end":{"line":1,"column":47643}},"1086":{"start":{"line":1,"column":47647},"end":{"line":1
[...]
0,0],"561":[0,0,0,0,0],"562":[0,0],"563":[0,0],"564":[0,0],"565":[7,7],"566":[7,1,1,0],"567":[7,0],"568":[0,0],"569":[0,0,0],"570":[7,0,0],"571":[7,0],"572":[0,0,0,0,0,0,0,0,0],"573":[0,0],"574":[0,0],"575":[0,0],"576":[0,0],"577":[0,0,0,0,0,0,0,0,0],"578":[0,0],"579":[0,0],"580":[0,0,0,0],"581":[7,7,7,7,5,5,0,0],"582":[1,0],"583":[1,0],"584":[0,0,0],"585":[0,0,0],"586":[12,12],"587":[2,0],"588":[0,0],"589":[0,0],"590":[0,0],"591":[1,1],"592":[2,0],"593":[0,0],"594":[0,0],"595":[0,0],"596":[0,0,0],"597":[0,0],"598":[0,0],"599":[2,2],"600":[9,1],"601":[1,9],"602":[1,0],"603":[7,2],"604":[0,0,0,0,1,1],"605":[1,0],"606":[1,1],"607":[0,0,0,0,1],"608":[0,0],"609":[0,0],"610":[0,0],"611":[2,0],"612":[0,0],"613":[0,0],"614":[0,0],"615":[0,0],"616":[0,0],"617":[0,0],"618":[0,0],"619":[0,0],"620":[0,0],"621":[0,0],"622":[0,0],"623":[4,2,0,2],"624":[2,2],"625":[4,2,0],"626":[0,1],"627":[1,1],"628":[0,0],"629":[0,0],"630":[0,0],"631":[0,0,0],"632":[0,0],"633":[0,0,0],"634":[0,0,0],"635":[0,0,0],"636":[0,0],"637":[0,0,0,0],"638":[0,0],"639":[0,0],"640":[0,0],"641":[0,0],"642":[0,0],"643":[0,0],"644":[0,0],"645":[0,0],"646":[0,0],"647":[0,0],"648":[0,0],"649":[0,0],"650":[0,0],"651":[0,0],"652":[0,0],"653":[0,0],"654":[0,0,0,0,0],"655":[0,0],"656":[0,0],"657":[0,0],"658":[0,0],"659":[0,0],"660":[0,11],"661":[11,0,0],"662":[0,0],"663":[0,0],"664":[0,0],"665":[0,0],"666":[0,0],"667":[0,0,0,0],"668":[0,0],"669":[0,0],"670":[0,0],"671":[0,0],"672":[0,0],"673":[0,0],"674":[0,0],"675":[0,0],"676":[5,1],"677":[0,0],"678":[0,7],"679":[0,0],"680":[0,0],"681":[7,2,1],"682":[0,0],"683":[0,0],"684":[0,0],"685":[0,0],"686":[0,0],"687":[0,0,0,0],"688":[0,0],"689":[0,0],"690":[0,0],"691":[2,5],"692":[7,5],"693":[5,0],"694":[5,5],"695":[5,0],"696":[0,0],"697":[0,0],"698":[0,0],"699":[0,0],"700":[0,0],"701":[0,0],"702":[0,0],"703":[0,0],"704":[0,0],"705":[0,0],"706":[0,0],"707":[0,0],"708":[0,0],"709":[0,0],"710":[0,0],"711":[0,0],"712":[0,0],"713":[0,0],"714":[0,0],"715":[0,0],"716":[0,0],"717":[0,0],"718":[0,0],"719":[0,0],"720":[0,0],"721":[0,0],"722":[0,0],"723":[0,0],"724":[0,0],"725":[2,0],"726":[0,0],"727":[0,0],"728":[0,0],"729":[0,0,0,0],"730":[0,0],"731":[0,2],"732":[2,0],"733":[7,7],"734":[2,5],"735":[0,0],"736":[0,0,0],"737":[0,0],"738":[0,0],"739":[0,0],"740":[0,0],"741":[0,0],"742":[0,0],"743":[0,0],"744":[0,0],"745":[0,0],"746":[0,0,0,0],"747":[0,0],"748":[0,0],"749":[0,0],"750":[0,0],"751":[0,0],"752":[0,0],"753":[0,0,0],"754":[0,0],"755":[0,0],"756":[0,0],"757":[13,10,8,0],"758":[13,0],"759":[13,10],"760":[8,5],"761":[6,0],"762":[1,0],"763":[1,0],"764":[0,1],"765":[0,1],"766":[0,5],"767":[0,0],"768":[0,0],"769":[0,0,0],"770":[0,0],"771":[1,6],"772":[7,6],"773":[0,1],"774":[1,0],"775":[2,4],"776":[0,4],"777":[2,2],"778":[4,0],"779":[4,2],"780":[0,0],"781":[0,0,0],"782":[49,0],"783":[0,0,2],"784":[0,0],"785":[2,0],"786":[0,2],"787":[12,0],"788":[12,0],"789":[0,0],"790":[0,0],"791":[0,0],"792":[0,2],"793":[0,2],"794":[2,0],"795":[0,0],"796":[2,0],"797":[2,0],"798":[0,0],"799":[0,0],"800":[0,0],"801":[0,0],"802":[0,0],"803":[0,0],"804":[0,0],"805":[0,0],"806":[0,0],"807":[0,0],"808":[0,0],"809":[0,0],"810":[0,0],"811":[0,0],"812":[0,0],"813":[0,0],"814":[0,0],"815":[0,0],"816":[0,0],"817":[0,0],"818":[0,0],"819":[0,0],"820":[0,0],"821":[0,0],"822":[0,0],"823":[0,0],"824":[0,0],"825":[0,0],"826":[0,0],"827":[0,0],"828":[0,0],"829":[0,0],"830":[0,0],"831":[0,0],"832":[0,0],"833":[0,0,0],"834":[0,0],"835":[0,0],"836":[0,0],"837":[0,0],"838":[0,0],"839":[0,0,0,0],"840":[0,0],"841":[0,0],"842":[0,0],"843":[0,0],"844":[0,0],"845":[0,0],"846":[0,0],"847":[0,0],"848":[0,0],"849":[0,0,0],"850":[0,0],"851":[0,0],"852":[0,0],"853":[0,0],"854":[0,0,0],"855":[0,0],"856":[0,0,0,0],"857":[0,0],"858":[0,0],"859":[0,0],"860":[0,0],"861":[0,0],"862":[0,0],"863":[0,10],"864":[0,0],"865":[0,0],"866":[0,0],"867":[0,0],"868":[0,0,0,0],"869":[11,0],"870":[0,0],"871":[0,0],"872":[0,0,0,0],"873":[0,0],"874":[10,1],"875":[0,0],"876":[0,0],"877":[0,0],"878":[0,0],"879":[0,0],"880":[0,0,0,0,0],"881":[0,0],"882":[0,0],"883":[0,0],"884":[0,0],"885":[0,0],"886":[0,0,0,0],"887":[7,7,7,0,0],"888":[0,1],"889":[1,0],"890":[1,0],"891":[0,0],"892":[0,0],"893":[0,0],"894":[0,0],"895":[0,0],"896":[0,0],"897":[0,0],"898":[0,0],"899":[0,0],"900":[0,0,0,0,0,0],"901":[0,0],"902":[0,0],"903":[0,0,0,0],"904":[0,0],"905":[0,0],"906":[0,0],"907":[0,0,0,0],"908":[0,0],"909":[0,0],"910":[0,0],"911":[0,0],"912":[0,0],"913":[0,0],"914":[0,0],"915":[0,0],"916":[0,0],"917":[0,0,0,0,0,0],"918":[0,0],"919":[0,0],"920":[0,0],"921":[0,0,0,0],"922":[0,0],"923":[0,0],"924":[0,0],"925":[0,0,0,0],"926":[0,0],"927":[0,0],"928":[0,0],"929":[0,0],"930":[0,0,0,0],"931":[0,0,0,0],"932":[0,0,0,0],"933":[0,0,0,0],"934":[0,0],"935":[0,0],"936":[0,0],"937":[0,0],"938":[0,0],"939":[0,0],"940":[0,0],"941":[0,0],"942":[0,2],"943":[2,2],"944":[2,1],"945":[0,1],"946":[2,1],"947":[1,1],"948":[1,1],"949":[0,1],"950":[1,0],"951":[0,1],"952":[0,0,0],"953":[0,0],"954":[0,0],"955":[0,0],"956":[0,0],"957":[3,4],"958":[7,7],"959":[4,0],"960":[4,4,0],"961":[10,15],"962":[1,9],"963":[10,9],"964":[7,2],"965":[1,5,0,0,0,0],"966":[0,0],"967":[0,0],"968":[0,0],"969":[0,0],"970":[0,0],"971":[1,2,0,0,1,7,3,3,0,0,1,0,0,0,0,0,0,0],"972":[1,0],"973":[0,1],"974":[1,1,1,0],"975":[0,0],"976":[0,0],"977":[0,0],"978":[0,0],"979":[1,0,0,0,0],"980":[2,1],"981":[1,0,0,1],"982":[0,0],"983":[1,1],"984":[0,0],"985":[1,0],"986":[0,1],"987":[0,0],"988":[0,0],"989":[0,0],"990":[0,0],"991":[0,0],"992":[0,0],"993":[1,0],"994":[0,1],"995":[0,1],"996":[1,0],"997":[1,1,1],"998":[0,1],"999":[7,7],"1000":[0,7],"1001":[2,5],"1002":[5,0,0],"1003":[0,7],"1004":[7,7,0],"1005":[3,3],"1006":[0,0],"1007":[0,0],"1008":[0,0],"1009":[0,0],"1010":[0,0],"1011":[0,0],"1012":[0,0],"1013":[0,0],"1014":[0,0],"1015":[0,0],"1016":[0,0],"1017":[0,0],"1018":[0,0],"1019":[0,0],"1020":[0,0,0],"1021":[0,0],"1022":[0,0,0],"1023":[0,0],"1024":[0,0],"1025":[0,0],"1026":[0,0],"1027":[0,0],"1028":[0,0],"1029":[0,0],"1030":[0,0],"1031":[0,0],"1032":[0,0],"1033":[0,0],"1034":[2,0,0],"1035":[0,0,0,0],"1036":[0,0,0],"1037":[0,0],"1038":[0,0],"1039":[1,0],"1040":[1,0],"1041":[1,1],"1042":[0,0],"1043":[0,0],"1044":[0,0],"1045":[1,0],"1046":[1,0],"1047":[0,0],"1048":[0,0],"1049":[0,0],"1050":[0,0],"1051":[1,1,1],"1052":[0,0,1,0],"1053":[0,0],"1054":[0,1],"1055":[1,1],"1056":[0,1],"1057":[0,1],"1058":[0,0],"1059":[0,0],"1060":[1,1],"1061":[1,0],"1062":[0,0],"1063":[0,0],"1064":[0,0],"1065":[0,0],"1066":[0,0],"1067":[0,0],"1068":[1,1],"1069":[1,0],"1070":[1,1,1],"1071":[1,0],"1072":[0,0],"1073":[1,0],"1074":[1,0],"1075":[8,4],"1076":[12,6],"1077":[3,1],"1078":[4,4],"1079":[0,9],"1080":[3,3],"1081":[6,6],"1082":[0,5],"1083":[0,0,0,0,0],"1084":[0,0,0],"1085":[0,0],"1086":[0,0,0],"1087":[0,0],"1088":[0,0],"1089":[0,0],"1090":[0,0,0,0,0,0],"1091":[0,0],"1092":[0,0],"1093":[0,0],"1094":[0,0],"1095":[0,0],"1096":[0,0,0,0],"1097":[0,0],"1098":[0,0],"1099":[0,0,0,0],"1100":[0,0],"1101":[0,0,0],"1102":[0,0],"1103":[0,0],"1104":[0,0],"1105":[0,0],"1106":[0,0],"1107":[0,0],"1108":[0,0,0],"1109":[0,0],"1110":[0,0],"1111":[0,0,0,0],"1112":[0,0],"1113":[0,0,0],"1114":[0,0],"1115":[0,0],"1116":[0,0,0],"1117":[0,0],"1118":[0,0],"1119":[0,0],"1120":[0,0],"1121":[0,0],"1122":[1,0],"1123":[0,0,0],"1124":[0,0],"1125":[0,0,0],"1126":[0,1],"1127":[0,0],"1128":[0,0],"1129":[0,0],"1130":[0,0],"1131":[0,0],"1132":[0,0],"1133":[0,0,0,0,0,1,0],"1134":[2,2],"1135":[0,0],"1136":[0,0],"1137":[0,0],"1138":[0,0],"1139":[5,4,2],"1140":[2,1],"1141":[1,1,1,0],"1142":[2,0],"1143":[1,1],"1144":[2,2],"1145":[1,0,0],"1146":[0,0],"1147":[0,0],"1148":[0,0],"1149":[1,0],"1150":[2,2],"1151":[4,3],"1152":[1,1],"1153":[0,1],"1154":[0,0],"1155":[1,0],"1156":[0,1],"1157":[1,1,0,0],"1158":[2,0],"1159":[2,2],"1160":[0,2],"1161":[2,0],"1162":[2,2],"1163":[1,1],"1164":[1,0,0],"1165":[2,0],"1166":[1,1],"1167":[2,1],"1168":[0,1],"1169":[1,0],"1170":[1,0],"1171":[0,0],"1172":[0,0],"1173":[0,1],"1174":[0,0],"1175":[0,1],"1176":[0,0],"1177":[1,0],"1178":[0,1],"1179":[1,0],"1180":[1,1],"1181":[0,0],"1182":[0,0,0,0,0,0,0,0,0,2,0,0],"1183":[0,0],"1184":[0,0],"1185":[0,0],"1186":[0,0,0,0],"1187":[0,0],"1188":[0,0],"1189":[0,0],"1190":[0,0,0],"1191":[0,0],"1192":[0,0],"1193":[0,0],"1194":[0,0],"1195":[0,0],"1196":[1,1],"1197":[1,1],"1198":[1,1],"1199":[2,2],"1200":[0,5],"1201":[0,0],"1202":[0,0],"1203":[0,0,0],"1204":[1,4],"1205":[0,1],"1206":[0,4],"1207":[4,1],"1208":[3,1],"1209":[0,2],"1210":[2,1],"1211":[3,3],"1212":[1,1],"1213":[1,1],"1214":[1,1],"1215":[1,1],"1216":[1,1],"1217":[1,0],"1218":[0,0],"1219":[0,0,0],"1220":[0,0],"1221":[0,0],"1222":[0,0],"1223":[0,0,0,0,0,0,0,0],"1224":[0,0],"1225":[0,0],"1226":[0,0],"1227":[0,0],"1228":[0,2],"1229":[0,0,0,0,0],"1230":[0,0,0],"1231":[0,6],"1232":[6,0],"1233":[0,0,0],"1234":[0,0],"1235":[2,0,2,1],"1236":[1,0],"1237":[0,6],"1238":[0,0,0,0,0,0,0,0,0,0],"1239":[0,0],"1240":[0,0],"1241":[0,0],"1242":[3,3],"1243":[0,0,0,0,1,0,0,0,0,2,2,0],"1244":[0,0],"1245":[0,0],"1246":[0,0],"1247":[0,0],"1248":[1,0],"1249":[1,0],"1250":[0,0],"1251":[0,0,0,0],"1252":[6,0,0],"1253":[0,0],"1254":[6,0],"1255":[3,0],"1256":[3,0],"1257":[2,0],"1258":[2,0],"1259":[2,0],"1260":[0,0],"1261":[0,0],"1262":[0,0],"1263":[0,0],"1264":[0,0],"1265":[0,0],"1266":[0,0],"1267":[0,2],"1268":[1,1],"1269":[1,0],"1270":[0,2],"1271":[0,0],"1272":[0,0],"1273":[0,0,0],"1274":[0,0],"1275":[0,0],"1276":[0,0,0,0],"1277":[0,0,0,0],"1278":[0,0],"1279":[0,0],"1280":[0,0],"1281":[0,0,0],"1282":[0,0,0],"1283":[0,0],"1284":[0,0],"1285":[0,0],"1286":[2,0],"1287":[0,0],"1288":[0,0],"1289":[2,0],"1290":[0,0],"1291":[0,0],"1292":[2,0],"1293":[0,0],"1294":[0,0],"1295":[0,2],"1296":[2,2],"1297":[0,0],"1298":[0,0],"1299":[0,0],"1300":[0,0,0],"1301":[2,2],"1302":[2,2],"1303":[0,2],"1304":[25,0],"1305":[0,1,0,3,0,2,12,3,0,3,1,1,1,0,0,0,0,0,0,0],"1306":[0,0],"1307":[2,0],"1308":[2,2,1],"1309":[5,7],"1310":[12,5],"1311":[5,0],"1312":[7,0],"1313":[0,7],"1314":[0,0,0,0,0,0,0,0,0,0,0,0,0],"1315":[0,0],"1316":[0,0],"1317":[0,0],"1318":[0,0],"1319":[0,0,0],"1320":[0,0,0],"1321":[0,0,0,0,0],"1322":[0,0],"1323":[0,0],"1324":[0,7],"1325":[7,7],"1326":[7,0],"1327":[0,7],"1328":[0,7],"1329":[7,0],"1330":[0,0],"1331":[0,0],"1332":[0,0,0,0,0,1,1,1,0,0,0,0,0,0,6],"1333":[14,0],"1334":[0,14],"1335":[0,14],"1336":[0,0],"1337":[0,0],"1338":[5,9],"1339":[2,3],"1340":[2,0,2],"1341":[3,0],"1342":[9,9,9,9],"1343":[0,9],"1344":[0,0],"1345":[9,9],"1346":[0,0,0,0,7],"1347":[0,0],"1348":[0,0],"1349":[0,0],"1350":[7,0],"1351":[7,0],"1352":[7,0],"1353":[0,0],"1354":[0,3],"1355":[3,0],"1356":[3,0,0],"1357":[0,3],"1358":[0,0],"1359":[0,3],"1360":[1,2],"1361":[2,1],"1362":[2,1,1,1,1],"1363":[1,0],"1364":[2,1,2],"1365":[0,0],"1366":[25,0],"1367":[25,25],"1368":[26,1],"1369":[26,0],"1370":[1,24],"1371":[24,22,22],"1372":[22,20],"1373":[22,7],"1374":[7,0],"1375":[22,4],"1376":[2,2],"1377":[0,0],"1378":[0,0],"1379":[8,16],"1380":[2,14],"1381":[24,10],"1382":[2,0],"1383":[2,1,0,2],"1384":[0,3],"1385":[0,0],"1386":[0,1],"1387":[1,0],"1388":[1,0],"1389":[1,0],"1390":[1,1,1],"1391":[1,4],"1392":[0,1],"1393":[1,0],"1394":[1,0],"1395":[0,0],"1396":[0,0,0],"1397":[1,0],"1398":[1,1],"1399":[1,1],"1400":[1,0],"1401":[1,0],"1402":[1,0],"1403":[0,0],"1404":[0,0],"1405":[0,0],"1406":[0,0],"1407":[0,0],"1408":[0,0],"1409":[0,0,0],"1410":[0,0],"1411":[0,0],"1412":[0,0],"1413":[0,0,0,0,0,0],"1414":[0,2],"1415":[0,2],"1416":[0,2],"1417":[2,0],"1418":[0,0],"1419":[0,0,0,0,0,0],"1420":[0,0],"1421":[0,0],"1422":[0,2],"1423":[2,0],"1424":[0,0],"1425":[0,0],"1426":[0,0],"1427":[0,0],"1428":[0,0,0,0],"1429":[0,0],"1430":[2,0],"1431":[0,0],"1432":[0,0],"1433":[0,0,0,0,0,0],"1434":[0,0,0],"1435":[2,0,0,0],"1436":[0,0],"1437":[0,0],"1438":[0,0],"1439":[0,0,0,0],"1440":[0,0,0],"1441":[0,0],"1442":[2,2],"1443":[2,0,0],"1444":[1,1],"1445":[2,1],"1446":[1,3],"1447":[4,4],"1448":[4,1,1],"1449":[4,1],"1450":[1,1],"1451":[1,1,0,0],"1452":[1,0,0,1],"1453":[1,0],"1454":[0,0],"1455":[0,0],"1456":[0,0],"1457":[0,0],"1458":[0,0],"1459":[0,0],"1460":[1,2],"1461":[2,0,2],"1462":[2,0],"1463":[2,0],"1464":[0,0],"1465":[2,2],"1466":[0,2],"1467":[0,0],"1468":[2,0],"1469":[4,3],"1470":[2,2],"1471":[2,0],"1472":[2,2,0],"1473":[0,0],"1474":[0,0],"1475":[2,0],"1476":[2,2],"1477":[0,0],"1478":[0,0,0],"1479":[0,0],"1480":[0,0],"1481":[0,0,0],"1482":[0,3],"1483":[0,0,0,0],"1484":[0,0],"1485":[5,2,2],"1486":[0,3],"1487":[3,0],"1488":[3,0],"1489":[0,0],"1490":[0,3],"1491":[0,0],"1492":[0,2],"1493":[2,0],"1494":[0,0],"1495":[0,0],"1496":[0,0],"1497":[0,0],"1498":[0,2],"1499":[2,0],"1500":[2,2],"1501":[0,2],"1502":[2,0,0],"1503":[0,0],"1504":[0,2],"1505":[0,0],"1506":[0,0],"1507":[1,1,1],"1508":[0,1],"1509":[1,0],"1510":[0,0,0,0],"1511":[0,0,0],"1512":[0,1],"1513":[0,0,0],"1514":[0,0],"1515":[0,0],"1516":[0,0],"1517":[0,0],"1518":[1,0],"1519":[1,1],"1520":[0,1],"1521":[0,1],"1522":[0,1],"1523":[0,0],"1524":[0,1],"1525":[1,1,0,0,0,0],"1526":[0,1],"1527":[0,0],"1528":[0,0],"1529":[0,1],"1530":[1,0],"1531":[1,1],"1532":[1,0,0],"1533":[1,0],"1534":[0,1],"1535":[0,1],"1536":[0,0],"1537":[0,0],"1538":[0,0],"1539":[0,0],"1540":[0,0],"1541":[0,0],"1542":[0,0,0],"1543":[0,0],"1544":[0,0],"1545":[0,0],"1546":[0,0],"1547":[0,0],"1548":[0,0],"1549":[0,0],"1550":[0,0],"1551":[0,0],"1552":[0,0],"1553":[0,0,0],"1554":[0,0],"1555":[0,0],"1556":[0,0],"1557":[0,0,0],"1558":[0,0],"1559":[0,0],"1560":[0,0],"1561":[0,0],"1562":[1,0],"1563":[0,1],"1564":[0,0],"1565":[1,0],"1566":[1,0],"1567":[0,0],"1568":[0,0],"1569":[0,0],"1570":[0,0],"1571":[0,0],"1572":[0,0],"1573":[0,0],"1574":[0,0,0],"1575":[0,0],"1576":[0,0],"1577":[0,0],"1578":[0,0],"1579":[0,0],"1580":[0,0],"1581":[1,0],"1582":[0,0],"1583":[0,0,0],"1584":[0,0],"1585":[0,0],"1586":[0,0],"1587":[0,0],"1588":[0,0],"1589":[0,0,0],"1590":[0,1],"1591":[0,1],"1592":[1,1],"1593":[0,0],"1594":[0,0],"1595":[1,1,0],"1596":[1,1],"1597":[0,0],"1598":[0,0],"1599":[0,0],"1600":[0,0],"1601":[0,0],"1602":[0,0],"1603":[0,0],"1604":[0,0],"1605":[0,2],"1606":[2,2,0],"1607":[0,0],"1608":[0,0],"1609":[0,0],"1610":[0,0],"1611":[0,0],"1612":[0,0],"1613":[0,0],"1614":[0,0],"1615":[1,0],"1616":[1,0],"1617":[1,0],"1618":[1,0],"1619":[1,0],"1620":[1,1],"1621":[0,1],"1622":[1,0],"1623":[0,0],"1624":[1,1],"1625":[0,1],"1626":[1,1],"1627":[0,0],"1628":[0,0],"1629":[1,1],"1630":[1,0],"1631":[1,0],"1632":[0,0],"1633":[0,0],"1634":[0,0],"1635":[0,0],"1636":[0,0],"1637":[0,0],"1638":[0,0],"1639":[0,0],"1640":[0,0],"1641":[0,0],"1642":[0,0],"1643":[0,0],"1644":[0,0],"1645":[0,0],"1646":[2,2,2,2,2,0],"1647":[0,0,0,0],"1648":[0,0],"1649":[0,0],"1650":[0,0,0],"1651":[0,0,0,0,0],"1652":[0,0],"1653":[0,0],"1654":[0,0],"1655":[0,0],"1656":[0,0],"1657":[0,0],"1658":[0,0],"1659":[0,0,0,0],"1660":[0,0],"1661":[1,0],"1662":[0,0]},"_coverageSchema":"43e27e138ebf9cfc5966b082cf9a028302ed4184","hash":"e24db71b90e3f6bb007b1983258da804ed37e44b"},"/Users/bremeva/Documents/projects/nyc-instrument-and-report-bug/build/static/js/main.12fdc223.chunk.js":{"path":"/Users/bremeva/Documents/projects/nyc-instrument-and-report-bug/build/static/js/main.12fdc223.chunk.js","statementMap":{"0":{"start":{"line":1,"column":0},"end":{"line":1,"column":1236}},"1":{"start":{"line":1,"column":76},"end":{"line":1,"column":122}},"2":{"start":{"line":1,"column":140},"end":{"line":1,"column":155}},"3":{"start":{"line":1,"column":227},"end":{"line":1,"column":234}},"4":{"start":{"line":1,"column":240},"end":{"line":1,"column":244}},"5":{"start":{"line":1,"column":247},"end":{"line":1,"column":253}},"6":{"start":{"line":1,"column":256},"end":{"line":1,"column":260}},"7":{"start":{"line":1,"column":263},"end":{"line":1,"column":269}},"8":{"start":{"line":1,"column":273},"end":{"line":1,"column":283}},"9":{"start":{"line":1,"column":287},"end":{"line":1,"column":293}},"10":{"start":{"line":1,"column":297},"end":{"line":1,"column":366}},"11":{"start":{"line":1,"column":329},"end":{"line":1,"column":364}},"12":{"start":{"line":1,"column":374},"end":{"line":1,"column":884}},"13":{"start":{"line":1,"column":385},"end":{"line":1,"column":883}},"14":{"start":{"line":1,"column":885},"end":{"line":1,"column":1059}},"15":{"start":{"line":1,"column":1059},"end":{"line":1,"column":1221}},"16":{"start":{"line":1,"column":1205},"end":{"line":1,"column":1219}}},"fnMap":{"0":{"name":"(anonymous_0)","decl":{"start":{"line":1,"column":60},"end":{"line":1,"column":61}},"loc":{"start":{"line":1,"column":75},"end":{"line":1,"column":123}},"line":1},"1":{"name":"(anonymous_1)","decl":{"start":{"line":1,"column":124},"end":{"line":1,"column":125}},"loc":{"start":{"line":1,"column":139},"end":{"line":1,"column":156}},"line":1},"2":{"name":"(anonymous_2)","decl":{"start":{"line":1,"column":162},"end":{"line":1,"column":163}},"loc":{"start":{"line":1,"column":177},"end":{"line":1,"column":179}},"line":1},"3":{"name":"(anonymous_3)","decl":{"start":{"line":1,"column":180},"end":{"line":1,"column":181}},"loc":{"start":{"line":1,"column":195},"end":{"line":1,"column":197}},"line":1},"4":{"name":"(anonymous_4)","decl":{"start":{"line":1,"column":198},"end":{"line":1,"column":199}},"loc":{"start":{"line":1,"column":213},"end":{"line":1,"column":1222}},"line":1},"5":{"name":"(anonymous_5)","decl":{"start":{"line":1,"column":318},"end":{"line":1,"column":319}},"loc":{"start":{"line":1,"column":328},"end":{"line":1,"column":365}},"line":1},"6":{"name":"(anonymous_6)","decl":{"start":{"line":1,"column":374},"end":{"line":1,"column":375}},"loc":{"start":{"line":1,"column":384},"end":{"line":1,"column":884}},"line":1},"7":{"name":"(anonymous_7)","decl":{"start":{"line":1,"column":1193},"end":{"line":1,"column":1194}},"loc":{"start":{"line":1,"column":1204},"end":{"line":1,"column":1220}},"line":1}},"branchMap":{"0":{"loc":{"start":{"line":1,"column":21},"end":{"line":1,"column":44}},"type":"binary-expr","locations":[{"start":{"line":1,"column":21},"end":{"line":1,"column":40}},{"start":{"line":1,"column":42},"end":{"line":1,"column":44}}],"line":1},"1":{"loc":{"start":{"line":1,"column":893},"end":{"line":1,"column":1057}},"type":"binary-expr","locations":[{"start":{"line":1,"column":893},"end":{"line":1,"column":931}},{"start":{"line":1,"column":933},"end":{"line":1,"column":967}},{"start":{"line":1,"column":969},"end":{"line":1,"column":1057}}],"line":1},"2":{"loc":{"start":{"line":1,"column":1129},"end":{"line":1,"column":1221}},"type":"binary-expr","locations":[{"start":{"line":1,"column":1129},"end":{"line":1,"column":1156}},{"start":{"line":1,"column":1158},"end":{"line":1,"column":1221}}],"line":1}},"s":{"0":1,"1":1,"2":1,"3":1,"4":1,"5":1,"6":1,"7":1,"8":1,"9":1,"10":1,"11":1,"12":1,"13":1,"14":1,"15":1,"16":0},"f":{"0":1,"1":1,"2":1,"3":1,"4":1,"5":1,"6":1,"7":0},"b":{"0":[1,0],"1":[1,0,0],"2":[1,1]},"_coverageSchema":"43e27e138ebf9cfc5966b082cf9a028302ed4184","hash":"31f912f4daf6ead1e0319397d437b0ed30388873"},"/Users/bremeva/Documents/projects/nyc-instrument-and-report-bug/build/static/js/3.df0cbf13.chunk.js":{"path":"/Users/bremeva/Documents/projects/nyc-instrument-and-report-bug/build/static/js/3.df0cbf13.chunk.js","statementMap":{"0":{"start":{"line":1,"column":0},"end":{"line":1,"column":140}},"1":{"start":{"line":1,"column":89},"end":{"line":1,"column":135}},"2":{"start":{"line":1,"column":117},"end":{"line":1,"column":134}}},"fnMap":{"0":{"name":"(anonymous_0)","decl":{"start":{"line":1,"column":60},"end":{"line":1,"column":61}},"loc":{"start":{"line":1,"column":75},"end":{"line":1,"column":136}},"line":1},"1":{"name":"(anonymous_1)","decl":{"start":{"line":1,"column":106},"end":{"line":1,"column":107}},"loc":{"start":{"line":1,"column":116},"end":{"line":1,"column":135}},"line":1}},"branchMap":{"0":{"loc":{"start":{"line":1,"column":21},"end":{"line":1,"column":44}},"type":"binary-expr","locations":[{"start":{"line":1,"column":21},"end":{"line":1,"column":40}},{"start":{"line":1,"column":42},"end":{"line":1,"column":44}}],"line":1}},"s":{"0":1,"1":1,"2":1},"f":{"0":1,"1":1},"b":{"0":[1,0]},"_coverageSchema":"43e27e138ebf9cfc5966b082cf9a028302ed4184","hash":"f84de922f8fdd4e269d80ded0d8ff0211110d348"}}